{"synthetic": false,
 "schemaVersion": "2025-09-10",
 "outputs":
 {"o": ["3d4138601d6ae577.olean"],
  "m": false,
  "i": "fb47f29ab55713b2.ilean",
  "c": "af8191cdb7a08bbe.c"},
 "log":
 [{"message":
   ".> LEAN_PATH=/workspaces/R1961D_LEAN_VER/.lake/build/lib/lean /home/codespace/.elan/toolchains/leanprover--lean4---v4.31.0/bin/lean /workspaces/R1961D_LEAN_VER/R1960DLeanLimit/AbelBoundaryTransfer.lean -o /workspaces/R1961D_LEAN_VER/.lake/build/lib/lean/R1960DLeanLimit/AbelBoundaryTransfer.olean -i /workspaces/R1961D_LEAN_VER/.lake/build/lib/lean/R1960DLeanLimit/AbelBoundaryTransfer.ilean -c /workspaces/R1961D_LEAN_VER/.lake/build/ir/R1960DLeanLimit/AbelBoundaryTransfer.c --setup /workspaces/R1961D_LEAN_VER/.lake/build/ir/R1960DLeanLimit/AbelBoundaryTransfer.setup.json --json",
   "level": "trace"}],
 "inputs":
 [["R1960DLeanLimit.AbelBoundaryTransfer:deps",
   [["deps",
     [["R1961DLeanPacket/R1960DLeanLimit:extraDep",
       [["@R1961DLeanPacket:extraDep", "00000000000006bb"]]],
      ["imports",
       [["R1960DLeanLimit.BoundaryLimitSystem transitive imports (legacy)",
         "05f77b5e68890db6"],
        ["R1960DLeanLimit.BoundaryLimitSystem:importAllArts",
         "b8a9507558ab9a45"]]]]],
    ["libs",
     [["import dynlibs", "00000000000006bb"],
      ["package external libraries", "00000000000006bb"],
      ["module dynlibs", "00000000000006bb"],
      ["module plugins", "00000000000006bb"]]]]],
  ["Lean 4.31.0, commit 68218e876d2a38b1985b8590fff244a83c321783",
   "fc45ac412f28501c"],
  ["/workspaces/R1961D_LEAN_VER/R1960DLeanLimit/AbelBoundaryTransfer.lean",
   "afe38fe86df6acd9"],
  ["options", "00000000000006bb"],
  ["isModule: false", "feefd2a0d3a1847e"],
  ["Module.name: R1960DLeanLimit.AbelBoundaryTransfer", "26ca85c72af169a9"],
  ["Package.id?: (some R1961DLeanPacket)", "d6847cf02e8cc660"],
  ["Module.leanArgs: #[]", "00000000000006bb"]],
 "depHash": "31c42bf74ad3bef7"}