{"synthetic": false,
 "schemaVersion": "2025-09-10",
 "outputs":
 {"o": ["78ccd5e82a7274bc.olean"],
  "m": false,
  "i": "ae82c4b84654b9e9.ilean",
  "c": "7d47265d6c0f33fb.c"},
 "log":
 [{"message":
   ".> LEAN_PATH=/workspaces/R1961D_LEAN_VER/.lake/build/lib/lean /home/codespace/.elan/toolchains/leanprover--lean4---v4.31.0/bin/lean /workspaces/R1961D_LEAN_VER/R1960DLeanLimit/BoundaryLimitSystem.lean -o /workspaces/R1961D_LEAN_VER/.lake/build/lib/lean/R1960DLeanLimit/BoundaryLimitSystem.olean -i /workspaces/R1961D_LEAN_VER/.lake/build/lib/lean/R1960DLeanLimit/BoundaryLimitSystem.ilean -c /workspaces/R1961D_LEAN_VER/.lake/build/ir/R1960DLeanLimit/BoundaryLimitSystem.c --setup /workspaces/R1961D_LEAN_VER/.lake/build/ir/R1960DLeanLimit/BoundaryLimitSystem.setup.json --json",
   "level": "trace"}],
 "inputs":
 [["R1960DLeanLimit.BoundaryLimitSystem:deps",
   [["deps",
     [["R1961DLeanPacket/R1960DLeanLimit:extraDep",
       [["@R1961DLeanPacket:extraDep", "00000000000006bb"]]],
      ["imports",
       [["R1959DLeanTransfer transitive imports (legacy)", "6aa2c99909ff7aaa"],
        ["R1959DLeanTransfer:importAllArts", "532eae6099e523ff"]]]]],
    ["libs",
     [["import dynlibs", "00000000000006bb"],
      ["package external libraries", "00000000000006bb"],
      ["module dynlibs", "00000000000006bb"],
      ["module plugins", "00000000000006bb"]]]]],
  ["Lean 4.31.0, commit 68218e876d2a38b1985b8590fff244a83c321783",
   "fc45ac412f28501c"],
  ["/workspaces/R1961D_LEAN_VER/R1960DLeanLimit/BoundaryLimitSystem.lean",
   "09db0b0fae2147d6"],
  ["options", "00000000000006bb"],
  ["isModule: false", "feefd2a0d3a1847e"],
  ["Module.name: R1960DLeanLimit.BoundaryLimitSystem", "8384f7ffc7de8c6a"],
  ["Package.id?: (some R1961DLeanPacket)", "d6847cf02e8cc660"],
  ["Module.leanArgs: #[]", "00000000000006bb"]],
 "depHash": "3f16d72c3b3302b3"}