{"synthetic": false,
 "schemaVersion": "2025-09-10",
 "outputs":
 {"o": ["313d8c5f95e820d5.olean"],
  "m": false,
  "i": "87e188813f00cdd5.ilean",
  "c": "5c69422469e67941.c"},
 "log":
 [{"message":
   ".> LEAN_PATH=/workspaces/R1961D_LEAN_VER/.lake/build/lib/lean /home/codespace/.elan/toolchains/leanprover--lean4---v4.31.0/bin/lean /workspaces/R1961D_LEAN_VER/R1960DLeanLimit/LimitPassageCertificates.lean -o /workspaces/R1961D_LEAN_VER/.lake/build/lib/lean/R1960DLeanLimit/LimitPassageCertificates.olean -i /workspaces/R1961D_LEAN_VER/.lake/build/lib/lean/R1960DLeanLimit/LimitPassageCertificates.ilean -c /workspaces/R1961D_LEAN_VER/.lake/build/ir/R1960DLeanLimit/LimitPassageCertificates.c --setup /workspaces/R1961D_LEAN_VER/.lake/build/ir/R1960DLeanLimit/LimitPassageCertificates.setup.json --json",
   "level": "trace"}],
 "inputs":
 [["R1960DLeanLimit.LimitPassageCertificates:deps",
   [["deps",
     [["R1961DLeanPacket/R1960DLeanLimit:extraDep",
       [["@R1961DLeanPacket:extraDep", "00000000000006bb"]]],
      ["imports",
       [["R1960DLeanLimit.AbelBoundaryTransfer transitive imports (legacy)",
         "12cf135225078943"],
        ["R1960DLeanLimit.AbelBoundaryTransfer:importAllArts",
         "b2d5cb86d17bc5dc"],
        ["R1958DLeanAudit transitive imports (legacy)", "a1992189826a6dc7"],
        ["R1958DLeanAudit:importAllArts", "33f4409ef03f3e3e"],
        ["R1956DLeanInterface transitive imports (legacy)", "802690a5f1b63ac5"],
        ["R1956DLeanInterface:importAllArts", "0534e19e2567980e"]]]]],
    ["libs",
     [["import dynlibs", "00000000000006bb"],
      ["package external libraries", "00000000000006bb"],
      ["module dynlibs", "00000000000006bb"],
      ["module plugins", "00000000000006bb"]]]]],
  ["Lean 4.31.0, commit 68218e876d2a38b1985b8590fff244a83c321783",
   "fc45ac412f28501c"],
  ["/workspaces/R1961D_LEAN_VER/R1960DLeanLimit/LimitPassageCertificates.lean",
   "1856c2970fcd832a"],
  ["options", "00000000000006bb"],
  ["isModule: false", "feefd2a0d3a1847e"],
  ["Module.name: R1960DLeanLimit.LimitPassageCertificates", "a29c00ad9d944283"],
  ["Package.id?: (some R1961DLeanPacket)", "d6847cf02e8cc660"],
  ["Module.leanArgs: #[]", "00000000000006bb"]],
 "depHash": "9321c97f7acf2193"}