{"synthetic": false,
 "schemaVersion": "2025-09-10",
 "outputs":
 {"o": ["c02a07597d005f55.olean"],
  "m": false,
  "i": "426ac5ef68d5ae0c.ilean",
  "c": "cd318805630dd961.c"},
 "log":
 [{"message":
   ".> LEAN_PATH=/workspaces/R1961D_LEAN_VER/.lake/build/lib/lean /home/codespace/.elan/toolchains/leanprover--lean4---v4.31.0/bin/lean /workspaces/R1961D_LEAN_VER/R1960DLeanLimit/ToyLimitPassage.lean -o /workspaces/R1961D_LEAN_VER/.lake/build/lib/lean/R1960DLeanLimit/ToyLimitPassage.olean -i /workspaces/R1961D_LEAN_VER/.lake/build/lib/lean/R1960DLeanLimit/ToyLimitPassage.ilean -c /workspaces/R1961D_LEAN_VER/.lake/build/ir/R1960DLeanLimit/ToyLimitPassage.c --setup /workspaces/R1961D_LEAN_VER/.lake/build/ir/R1960DLeanLimit/ToyLimitPassage.setup.json --json",
   "level": "trace"}],
 "inputs":
 [["R1960DLeanLimit.ToyLimitPassage:deps",
   [["deps",
     [["R1961DLeanPacket/R1960DLeanLimit:extraDep",
       [["@R1961DLeanPacket:extraDep", "00000000000006bb"]]],
      ["imports",
       [["R1960DLeanLimit.LimitPassageCertificates transitive imports (legacy)",
         "8a10c9a63b66d4b6"],
        ["R1960DLeanLimit.LimitPassageCertificates:importAllArts",
         "d000dac87882776f"]]]]],
    ["libs",
     [["import dynlibs", "00000000000006bb"],
      ["package external libraries", "00000000000006bb"],
      ["module dynlibs", "00000000000006bb"],
      ["module plugins", "00000000000006bb"]]]]],
  ["Lean 4.31.0, commit 68218e876d2a38b1985b8590fff244a83c321783",
   "fc45ac412f28501c"],
  ["/workspaces/R1961D_LEAN_VER/R1960DLeanLimit/ToyLimitPassage.lean",
   "0f36f21c7ad950a2"],
  ["options", "00000000000006bb"],
  ["isModule: false", "feefd2a0d3a1847e"],
  ["Module.name: R1960DLeanLimit.ToyLimitPassage", "77a9d930e77c5cc2"],
  ["Package.id?: (some R1961DLeanPacket)", "d6847cf02e8cc660"],
  ["Module.leanArgs: #[]", "00000000000006bb"]],
 "depHash": "79a5e716bc2a0a58"}