{"synthetic": false,
 "schemaVersion": "2025-09-10",
 "outputs":
 {"o": ["10b58d7a889608d1.olean"],
  "m": false,
  "i": "acac86e89dc85952.ilean",
  "c": "6f626bd0194478d1.c"},
 "log":
 [{"message":
   ".> LEAN_PATH=/workspaces/R1961D_LEAN_VER/.lake/build/lib/lean /home/codespace/.elan/toolchains/leanprover--lean4---v4.31.0/bin/lean /workspaces/R1961D_LEAN_VER/R1960DLeanLimit/VersionLimit.lean -o /workspaces/R1961D_LEAN_VER/.lake/build/lib/lean/R1960DLeanLimit/VersionLimit.olean -i /workspaces/R1961D_LEAN_VER/.lake/build/lib/lean/R1960DLeanLimit/VersionLimit.ilean -c /workspaces/R1961D_LEAN_VER/.lake/build/ir/R1960DLeanLimit/VersionLimit.c --setup /workspaces/R1961D_LEAN_VER/.lake/build/ir/R1960DLeanLimit/VersionLimit.setup.json --json",
   "level": "trace"}],
 "inputs":
 [["R1960DLeanLimit.VersionLimit:deps",
   [["deps",
     [["R1961DLeanPacket/R1960DLeanLimit:extraDep",
       [["@R1961DLeanPacket:extraDep", "00000000000006bb"]]],
      ["imports",
       [["R1960DLeanLimit.LimitPassageCertificates transitive imports (legacy)",
         "8a10c9a63b66d4b6"],
        ["R1960DLeanLimit.LimitPassageCertificates:importAllArts",
         "d000dac87882776f"]]]]],
    ["libs",
     [["import dynlibs", "00000000000006bb"],
      ["package external libraries", "00000000000006bb"],
      ["module dynlibs", "00000000000006bb"],
      ["module plugins", "00000000000006bb"]]]]],
  ["Lean 4.31.0, commit 68218e876d2a38b1985b8590fff244a83c321783",
   "fc45ac412f28501c"],
  ["/workspaces/R1961D_LEAN_VER/R1960DLeanLimit/VersionLimit.lean",
   "88edeb2f1bb3d3be"],
  ["options", "00000000000006bb"],
  ["isModule: false", "feefd2a0d3a1847e"],
  ["Module.name: R1960DLeanLimit.VersionLimit", "308d20bb61635c7a"],
  ["Package.id?: (some R1961DLeanPacket)", "d6847cf02e8cc660"],
  ["Module.leanArgs: #[]", "00000000000006bb"]],
 "depHash": "4e3709603dba457e"}