{"synthetic": false,
 "schemaVersion": "2025-09-10",
 "outputs":
 {"o": ["186ee5f5efce245c.olean"],
  "m": false,
  "i": "60f73909e2038dd9.ilean",
  "c": "2bc561ffdff882d4.c"},
 "log":
 [{"message":
   ".> LEAN_PATH=/workspaces/R1961D_LEAN_VER/.lake/build/lib/lean /home/codespace/.elan/toolchains/leanprover--lean4---v4.31.0/bin/lean /workspaces/R1961D_LEAN_VER/R1958DLeanAudit/AuditLedgers.lean -o /workspaces/R1961D_LEAN_VER/.lake/build/lib/lean/R1958DLeanAudit/AuditLedgers.olean -i /workspaces/R1961D_LEAN_VER/.lake/build/lib/lean/R1958DLeanAudit/AuditLedgers.ilean -c /workspaces/R1961D_LEAN_VER/.lake/build/ir/R1958DLeanAudit/AuditLedgers.c --setup /workspaces/R1961D_LEAN_VER/.lake/build/ir/R1958DLeanAudit/AuditLedgers.setup.json --json",
   "level": "trace"}],
 "inputs":
 [["R1958DLeanAudit.AuditLedgers:deps",
   [["deps",
     [["R1961DLeanPacket/R1958DLeanAudit:extraDep",
       [["@R1961DLeanPacket:extraDep", "00000000000006bb"]]],
      ["imports",
       [["R1958DLeanAudit.VersionAudit transitive imports (legacy)",
         "ddcccba2975f8bfc"],
        ["R1958DLeanAudit.VersionAudit:importAllArts", "e6e6d08be2b08f1e"],
        ["R1957DLeanCoverage.NoHiddenAssumptions transitive imports (legacy)",
         "9ab630774bdf804c"],
        ["R1957DLeanCoverage.NoHiddenAssumptions:importAllArts",
         "e822c6715a707602"]]]]],
    ["libs",
     [["import dynlibs", "00000000000006bb"],
      ["package external libraries", "00000000000006bb"],
      ["module dynlibs", "00000000000006bb"],
      ["module plugins", "00000000000006bb"]]]]],
  ["Lean 4.31.0, commit 68218e876d2a38b1985b8590fff244a83c321783",
   "fc45ac412f28501c"],
  ["/workspaces/R1961D_LEAN_VER/R1958DLeanAudit/AuditLedgers.lean",
   "1f04b3559ac5b52c"],
  ["options", "00000000000006bb"],
  ["isModule: false", "feefd2a0d3a1847e"],
  ["Module.name: R1958DLeanAudit.AuditLedgers", "1c1c2704ff684681"],
  ["Package.id?: (some R1961DLeanPacket)", "d6847cf02e8cc660"],
  ["Module.leanArgs: #[]", "00000000000006bb"]],
 "depHash": "67c56e09fe5c0401"}