{"synthetic": false,
 "schemaVersion": "2025-09-10",
 "outputs":
 {"o": ["acac940901fc4127.olean"],
  "m": false,
  "i": "3367d26733f69bd1.ilean",
  "c": "f245f6a663e3ac6b.c"},
 "log":
 [{"message":
   ".> LEAN_PATH=/workspaces/R1961D_LEAN_VER/.lake/build/lib/lean /home/codespace/.elan/toolchains/leanprover--lean4---v4.31.0/bin/lean /workspaces/R1961D_LEAN_VER/R1958DLeanAudit/NonClaimCertificates.lean -o /workspaces/R1961D_LEAN_VER/.lake/build/lib/lean/R1958DLeanAudit/NonClaimCertificates.olean -i /workspaces/R1961D_LEAN_VER/.lake/build/lib/lean/R1958DLeanAudit/NonClaimCertificates.ilean -c /workspaces/R1961D_LEAN_VER/.lake/build/ir/R1958DLeanAudit/NonClaimCertificates.c --setup /workspaces/R1961D_LEAN_VER/.lake/build/ir/R1958DLeanAudit/NonClaimCertificates.setup.json --json",
   "level": "trace"}],
 "inputs":
 [["R1958DLeanAudit.NonClaimCertificates:deps",
   [["deps",
     [["R1961DLeanPacket/R1958DLeanAudit:extraDep",
       [["@R1961DLeanPacket:extraDep", "00000000000006bb"]]],
      ["imports",
       [["R1958DLeanAudit.NoOrphanCertificates transitive imports (legacy)",
         "1598f31790bebab2"],
        ["R1958DLeanAudit.NoOrphanCertificates:importAllArts",
         "3975d84a89a81f1c"]]]]],
    ["libs",
     [["import dynlibs", "00000000000006bb"],
      ["package external libraries", "00000000000006bb"],
      ["module dynlibs", "00000000000006bb"],
      ["module plugins", "00000000000006bb"]]]]],
  ["Lean 4.31.0, commit 68218e876d2a38b1985b8590fff244a83c321783",
   "fc45ac412f28501c"],
  ["/workspaces/R1961D_LEAN_VER/R1958DLeanAudit/NonClaimCertificates.lean",
   "b58a6d9ec2b89053"],
  ["options", "00000000000006bb"],
  ["isModule: false", "feefd2a0d3a1847e"],
  ["Module.name: R1958DLeanAudit.NonClaimCertificates", "f818b3515d8251b2"],
  ["Package.id?: (some R1961DLeanPacket)", "d6847cf02e8cc660"],
  ["Module.leanArgs: #[]", "00000000000006bb"]],
 "depHash": "a36794b63583ce19"}