{"synthetic": false,
 "schemaVersion": "2025-09-10",
 "outputs":
 {"o": ["e9d3d82ea250fdaa.olean"],
  "m": false,
  "i": "fbfc9ab613ee6f5a.ilean",
  "c": "e5fb8a89bb16d854.c"},
 "log":
 [{"message":
   ".> LEAN_PATH=/workspaces/R1961D_LEAN_VER/.lake/build/lib/lean /home/codespace/.elan/toolchains/leanprover--lean4---v4.31.0/bin/lean /workspaces/R1961D_LEAN_VER/R1958DLeanAudit/NoOrphanCertificates.lean -o /workspaces/R1961D_LEAN_VER/.lake/build/lib/lean/R1958DLeanAudit/NoOrphanCertificates.olean -i /workspaces/R1961D_LEAN_VER/.lake/build/lib/lean/R1958DLeanAudit/NoOrphanCertificates.ilean -c /workspaces/R1961D_LEAN_VER/.lake/build/ir/R1958DLeanAudit/NoOrphanCertificates.c --setup /workspaces/R1961D_LEAN_VER/.lake/build/ir/R1958DLeanAudit/NoOrphanCertificates.setup.json --json",
   "level": "trace"}],
 "inputs":
 [["R1958DLeanAudit.NoOrphanCertificates:deps",
   [["deps",
     [["R1961DLeanPacket/R1958DLeanAudit:extraDep",
       [["@R1961DLeanPacket:extraDep", "00000000000006bb"]]],
      ["imports",
       [["R1958DLeanAudit.AuditLedgers transitive imports (legacy)",
         "e4b527e89afadc03"],
        ["R1958DLeanAudit.AuditLedgers:importAllArts", "82a817128572e49b"]]]]],
    ["libs",
     [["import dynlibs", "00000000000006bb"],
      ["package external libraries", "00000000000006bb"],
      ["module dynlibs", "00000000000006bb"],
      ["module plugins", "00000000000006bb"]]]]],
  ["Lean 4.31.0, commit 68218e876d2a38b1985b8590fff244a83c321783",
   "fc45ac412f28501c"],
  ["/workspaces/R1961D_LEAN_VER/R1958DLeanAudit/NoOrphanCertificates.lean",
   "2e56a4d47cbc438a"],
  ["options", "00000000000006bb"],
  ["isModule: false", "feefd2a0d3a1847e"],
  ["Module.name: R1958DLeanAudit.NoOrphanCertificates", "529333c5ecabfbd0"],
  ["Package.id?: (some R1961DLeanPacket)", "d6847cf02e8cc660"],
  ["Module.leanArgs: #[]", "00000000000006bb"]],
 "depHash": "2acc0bc06916306c"}