{"synthetic": false,
 "schemaVersion": "2025-09-10",
 "outputs":
 {"o": ["01fa6cce3c7e5f3f.olean"],
  "m": false,
  "i": "70f9f4be3ae6e310.ilean",
  "c": "60f75b6ef11e17d7.c"},
 "log":
 [{"message":
   ".> LEAN_PATH=/workspaces/R1961D_LEAN_VER/.lake/build/lib/lean /home/codespace/.elan/toolchains/leanprover--lean4---v4.31.0/bin/lean /workspaces/R1961D_LEAN_VER/R1958DLeanAudit/ToyAudit.lean -o /workspaces/R1961D_LEAN_VER/.lake/build/lib/lean/R1958DLeanAudit/ToyAudit.olean -i /workspaces/R1961D_LEAN_VER/.lake/build/lib/lean/R1958DLeanAudit/ToyAudit.ilean -c /workspaces/R1961D_LEAN_VER/.lake/build/ir/R1958DLeanAudit/ToyAudit.c --setup /workspaces/R1961D_LEAN_VER/.lake/build/ir/R1958DLeanAudit/ToyAudit.setup.json --json",
   "level": "trace"}],
 "inputs":
 [["R1958DLeanAudit.ToyAudit:deps",
   [["deps",
     [["R1961DLeanPacket/R1958DLeanAudit:extraDep",
       [["@R1961DLeanPacket:extraDep", "00000000000006bb"]]],
      ["imports",
       [["R1958DLeanAudit.NonClaimCertificates transitive imports (legacy)",
         "760b24530f21558f"],
        ["R1958DLeanAudit.NonClaimCertificates:importAllArts",
         "7c336120e1469042"],
        ["R1957DLeanCoverage.ToyCoverage transitive imports (legacy)",
         "07743998d7dcb426"],
        ["R1957DLeanCoverage.ToyCoverage:importAllArts",
         "69ce9f425db49840"]]]]],
    ["libs",
     [["import dynlibs", "00000000000006bb"],
      ["package external libraries", "00000000000006bb"],
      ["module dynlibs", "00000000000006bb"],
      ["module plugins", "00000000000006bb"]]]]],
  ["Lean 4.31.0, commit 68218e876d2a38b1985b8590fff244a83c321783",
   "fc45ac412f28501c"],
  ["/workspaces/R1961D_LEAN_VER/R1958DLeanAudit/ToyAudit.lean",
   "6d83a22e27902d75"],
  ["options", "00000000000006bb"],
  ["isModule: false", "feefd2a0d3a1847e"],
  ["Module.name: R1958DLeanAudit.ToyAudit", "fa8b527345237790"],
  ["Package.id?: (some R1961DLeanPacket)", "d6847cf02e8cc660"],
  ["Module.leanArgs: #[]", "00000000000006bb"]],
 "depHash": "87d75dbc69e5ae46"}