{"synthetic": false,
 "schemaVersion": "2025-09-10",
 "outputs":
 {"o": ["ea3950ab0417acf8.olean"],
  "m": false,
  "i": "6b4f0bde52c8d874.ilean",
  "c": "f48585d14bb5092f.c"},
 "log":
 [{"message":
   ".> LEAN_PATH=/workspaces/R1961D_LEAN_VER/.lake/build/lib/lean /home/codespace/.elan/toolchains/leanprover--lean4---v4.31.0/bin/lean /workspaces/R1961D_LEAN_VER/R1958DLeanAudit/VersionAudit.lean -o /workspaces/R1961D_LEAN_VER/.lake/build/lib/lean/R1958DLeanAudit/VersionAudit.olean -i /workspaces/R1961D_LEAN_VER/.lake/build/lib/lean/R1958DLeanAudit/VersionAudit.ilean -c /workspaces/R1961D_LEAN_VER/.lake/build/ir/R1958DLeanAudit/VersionAudit.c --setup /workspaces/R1961D_LEAN_VER/.lake/build/ir/R1958DLeanAudit/VersionAudit.setup.json --json",
   "level": "trace"}],
 "inputs":
 [["R1958DLeanAudit.VersionAudit:deps",
   [["deps",
     [["R1961DLeanPacket/R1958DLeanAudit:extraDep",
       [["@R1961DLeanPacket:extraDep", "00000000000006bb"]]],
      ["imports",
       [["R1957DLeanCoverage transitive imports (legacy)", "9406713957d07739"],
        ["R1957DLeanCoverage:importAllArts", "b42f243ee888e64d"]]]]],
    ["libs",
     [["import dynlibs", "00000000000006bb"],
      ["package external libraries", "00000000000006bb"],
      ["module dynlibs", "00000000000006bb"],
      ["module plugins", "00000000000006bb"]]]]],
  ["Lean 4.31.0, commit 68218e876d2a38b1985b8590fff244a83c321783",
   "fc45ac412f28501c"],
  ["/workspaces/R1961D_LEAN_VER/R1958DLeanAudit/VersionAudit.lean",
   "80869b478914b856"],
  ["options", "00000000000006bb"],
  ["isModule: false", "feefd2a0d3a1847e"],
  ["Module.name: R1958DLeanAudit.VersionAudit", "7d31d6c99071c3a3"],
  ["Package.id?: (some R1961DLeanPacket)", "d6847cf02e8cc660"],
  ["Module.leanArgs: #[]", "00000000000006bb"]],
 "depHash": "7407a73d8179bb1b"}