{"synthetic": false,
 "schemaVersion": "2025-09-10",
 "outputs":
 {"o": ["bcdd4209c9cea3ef.olean"],
  "m": false,
  "i": "0cad96149a3ba64d.ilean",
  "c": "b982d8eb1d078812.c"},
 "log":
 [{"message":
   ".> LEAN_PATH=/workspaces/R1961D_LEAN_VER/.lake/build/lib/lean /home/codespace/.elan/toolchains/leanprover--lean4---v4.31.0/bin/lean /workspaces/R1961D_LEAN_VER/R1952DLeanSupport/ObligationFieldBindings.lean -o /workspaces/R1961D_LEAN_VER/.lake/build/lib/lean/R1952DLeanSupport/ObligationFieldBindings.olean -i /workspaces/R1961D_LEAN_VER/.lake/build/lib/lean/R1952DLeanSupport/ObligationFieldBindings.ilean -c /workspaces/R1961D_LEAN_VER/.lake/build/ir/R1952DLeanSupport/ObligationFieldBindings.c --setup /workspaces/R1961D_LEAN_VER/.lake/build/ir/R1952DLeanSupport/ObligationFieldBindings.setup.json --json",
   "level": "trace"}],
 "inputs":
 [["R1952DLeanSupport.ObligationFieldBindings:deps",
   [["deps",
     [["R1961DLeanPacket/R1952DLeanSupport:extraDep",
       [["@R1961DLeanPacket:extraDep", "00000000000006bb"]]],
      ["imports",
       [["R1949DLean transitive imports (legacy)", "7a541952c0339858"],
        ["R1949DLean:importAllArts", "508c2dd105aec36b"],
        ["R1952DLeanSupport.ProfileCoverage transitive imports (legacy)",
         "339bc48072d16c08"],
        ["R1952DLeanSupport.ProfileCoverage:importAllArts",
         "54edc234ae83eb1f"]]]]],
    ["libs",
     [["import dynlibs", "00000000000006bb"],
      ["package external libraries", "00000000000006bb"],
      ["module dynlibs", "00000000000006bb"],
      ["module plugins", "00000000000006bb"]]]]],
  ["Lean 4.31.0, commit 68218e876d2a38b1985b8590fff244a83c321783",
   "fc45ac412f28501c"],
  ["/workspaces/R1961D_LEAN_VER/R1952DLeanSupport/ObligationFieldBindings.lean",
   "82c1ec58e569e692"],
  ["options", "00000000000006bb"],
  ["isModule: false", "feefd2a0d3a1847e"],
  ["Module.name: R1952DLeanSupport.ObligationFieldBindings",
   "f745ecc56cf7f764"],
  ["Package.id?: (some R1961DLeanPacket)", "d6847cf02e8cc660"],
  ["Module.leanArgs: #[]", "00000000000006bb"]],
 "depHash": "0b57de879fedde3f"}