{"synthetic": false,
 "schemaVersion": "2025-09-10",
 "outputs":
 {"o": ["a82319397b3e19ce.olean"],
  "m": false,
  "i": "0ce62f4d63235042.ilean",
  "c": "650801e69f4a4659.c"},
 "log":
 [{"message":
   ".> LEAN_PATH=/workspaces/R1961D_LEAN_VER/.lake/build/lib/lean /home/codespace/.elan/toolchains/leanprover--lean4---v4.31.0/bin/lean /workspaces/R1961D_LEAN_VER/R1952DLeanSupport/ProfileCoverage.lean -o /workspaces/R1961D_LEAN_VER/.lake/build/lib/lean/R1952DLeanSupport/ProfileCoverage.olean -i /workspaces/R1961D_LEAN_VER/.lake/build/lib/lean/R1952DLeanSupport/ProfileCoverage.ilean -c /workspaces/R1961D_LEAN_VER/.lake/build/ir/R1952DLeanSupport/ProfileCoverage.c --setup /workspaces/R1961D_LEAN_VER/.lake/build/ir/R1952DLeanSupport/ProfileCoverage.setup.json --json",
   "level": "trace"}],
 "inputs":
 [["R1952DLeanSupport.ProfileCoverage:deps",
   [["deps",
     [["R1961DLeanPacket/R1952DLeanSupport:extraDep",
       [["@R1961DLeanPacket:extraDep", "00000000000006bb"]]],
      ["imports",
       [["R1949DLean transitive imports (legacy)", "7a541952c0339858"],
        ["R1949DLean:importAllArts", "508c2dd105aec36b"],
        ["R1952DLeanSupport.SupportTheorems transitive imports (legacy)",
         "fb59992071f6f22a"],
        ["R1952DLeanSupport.SupportTheorems:importAllArts",
         "efe9bcb9daf4eb99"]]]]],
    ["libs",
     [["import dynlibs", "00000000000006bb"],
      ["package external libraries", "00000000000006bb"],
      ["module dynlibs", "00000000000006bb"],
      ["module plugins", "00000000000006bb"]]]]],
  ["Lean 4.31.0, commit 68218e876d2a38b1985b8590fff244a83c321783",
   "fc45ac412f28501c"],
  ["/workspaces/R1961D_LEAN_VER/R1952DLeanSupport/ProfileCoverage.lean",
   "cef66d7d46fd8cd8"],
  ["options", "00000000000006bb"],
  ["isModule: false", "feefd2a0d3a1847e"],
  ["Module.name: R1952DLeanSupport.ProfileCoverage", "13e31698c33d83a9"],
  ["Package.id?: (some R1961DLeanPacket)", "d6847cf02e8cc660"],
  ["Module.leanArgs: #[]", "00000000000006bb"]],
 "depHash": "201a7358c21aa43b"}