{"synthetic": false,
 "schemaVersion": "2025-09-10",
 "outputs":
 {"o": ["99c45ea08f4c4798.olean"],
  "m": false,
  "i": "db560331646a3dc3.ilean",
  "c": "745dc0c60b283312.c"},
 "log":
 [{"message":
   ".> LEAN_PATH=/workspaces/R1961D_LEAN_VER/.lake/build/lib/lean /home/codespace/.elan/toolchains/leanprover--lean4---v4.31.0/bin/lean /workspaces/R1961D_LEAN_VER/R1952DLeanSupport/SupportTheorems.lean -o /workspaces/R1961D_LEAN_VER/.lake/build/lib/lean/R1952DLeanSupport/SupportTheorems.olean -i /workspaces/R1961D_LEAN_VER/.lake/build/lib/lean/R1952DLeanSupport/SupportTheorems.ilean -c /workspaces/R1961D_LEAN_VER/.lake/build/ir/R1952DLeanSupport/SupportTheorems.c --setup /workspaces/R1961D_LEAN_VER/.lake/build/ir/R1952DLeanSupport/SupportTheorems.setup.json --json",
   "level": "trace"}],
 "inputs":
 [["R1952DLeanSupport.SupportTheorems:deps",
   [["deps",
     [["R1961DLeanPacket/R1952DLeanSupport:extraDep",
       [["@R1961DLeanPacket:extraDep", "00000000000006bb"]]],
      ["imports",
       [["R1949DLean transitive imports (legacy)", "7a541952c0339858"],
        ["R1949DLean:importAllArts", "508c2dd105aec36b"],
        ["R1952DLeanSupport.VersionMap transitive imports (legacy)",
         "f6be6bcdebc4ba3f"],
        ["R1952DLeanSupport.VersionMap:importAllArts", "d55e0072776a92c2"]]]]],
    ["libs",
     [["import dynlibs", "00000000000006bb"],
      ["package external libraries", "00000000000006bb"],
      ["module dynlibs", "00000000000006bb"],
      ["module plugins", "00000000000006bb"]]]]],
  ["Lean 4.31.0, commit 68218e876d2a38b1985b8590fff244a83c321783",
   "fc45ac412f28501c"],
  ["/workspaces/R1961D_LEAN_VER/R1952DLeanSupport/SupportTheorems.lean",
   "54066c698f5222a4"],
  ["options", "00000000000006bb"],
  ["isModule: false", "feefd2a0d3a1847e"],
  ["Module.name: R1952DLeanSupport.SupportTheorems", "6e73b55a4df468a8"],
  ["Package.id?: (some R1961DLeanPacket)", "d6847cf02e8cc660"],
  ["Module.leanArgs: #[]", "00000000000006bb"]],
 "depHash": "1df6ab1bfc5515d6"}