{"synthetic": false,
 "schemaVersion": "2025-09-10",
 "outputs":
 {"o": ["3d33f32a61e4808d.olean"],
  "m": false,
  "i": "95010369e5efaf18.ilean",
  "c": "ede8ff401ffa4994.c"},
 "log":
 [{"message":
   ".> LEAN_PATH=/workspaces/R1961D_LEAN_VER/.lake/build/lib/lean /home/codespace/.elan/toolchains/leanprover--lean4---v4.31.0/bin/lean /workspaces/R1961D_LEAN_VER/R1952DLeanSupport/ToySupport.lean -o /workspaces/R1961D_LEAN_VER/.lake/build/lib/lean/R1952DLeanSupport/ToySupport.olean -i /workspaces/R1961D_LEAN_VER/.lake/build/lib/lean/R1952DLeanSupport/ToySupport.ilean -c /workspaces/R1961D_LEAN_VER/.lake/build/ir/R1952DLeanSupport/ToySupport.c --setup /workspaces/R1961D_LEAN_VER/.lake/build/ir/R1952DLeanSupport/ToySupport.setup.json --json",
   "level": "trace"}],
 "inputs":
 [["R1952DLeanSupport.ToySupport:deps",
   [["deps",
     [["R1961DLeanPacket/R1952DLeanSupport:extraDep",
       [["@R1961DLeanPacket:extraDep", "00000000000006bb"]]],
      ["imports",
       [["R1949DLean transitive imports (legacy)", "7a541952c0339858"],
        ["R1949DLean:importAllArts", "508c2dd105aec36b"],
        ["R1952DLeanSupport.ObligationFieldBindings transitive imports (legacy)",
         "3e9176e0bc364774"],
        ["R1952DLeanSupport.ObligationFieldBindings:importAllArts",
         "930f87149ea5d34e"]]]]],
    ["libs",
     [["import dynlibs", "00000000000006bb"],
      ["package external libraries", "00000000000006bb"],
      ["module dynlibs", "00000000000006bb"],
      ["module plugins", "00000000000006bb"]]]]],
  ["Lean 4.31.0, commit 68218e876d2a38b1985b8590fff244a83c321783",
   "fc45ac412f28501c"],
  ["/workspaces/R1961D_LEAN_VER/R1952DLeanSupport/ToySupport.lean",
   "c8236c70e9c3648f"],
  ["options", "00000000000006bb"],
  ["isModule: false", "feefd2a0d3a1847e"],
  ["Module.name: R1952DLeanSupport.ToySupport", "858099913349f34d"],
  ["Package.id?: (some R1961DLeanPacket)", "d6847cf02e8cc660"],
  ["Module.leanArgs: #[]", "00000000000006bb"]],
 "depHash": "ddd887557addc7be"}