{"synthetic": false,
 "schemaVersion": "2025-09-10",
 "outputs":
 {"o": ["a8df96e385e63855.olean"],
  "m": false,
  "i": "e0bf02ddc23cd62d.ilean",
  "c": "07d70d1718149366.c"},
 "log":
 [{"message":
   ".> LEAN_PATH=/workspaces/R1961D_LEAN_VER/.lake/build/lib/lean /home/codespace/.elan/toolchains/leanprover--lean4---v4.31.0/bin/lean /workspaces/R1961D_LEAN_VER/R1952DLeanSupport/VersionMap.lean -o /workspaces/R1961D_LEAN_VER/.lake/build/lib/lean/R1952DLeanSupport/VersionMap.olean -i /workspaces/R1961D_LEAN_VER/.lake/build/lib/lean/R1952DLeanSupport/VersionMap.ilean -c /workspaces/R1961D_LEAN_VER/.lake/build/ir/R1952DLeanSupport/VersionMap.c --setup /workspaces/R1961D_LEAN_VER/.lake/build/ir/R1952DLeanSupport/VersionMap.setup.json --json",
   "level": "trace"}],
 "inputs":
 [["R1952DLeanSupport.VersionMap:deps",
   [["deps",
     [["R1961DLeanPacket/R1952DLeanSupport:extraDep",
       [["@R1961DLeanPacket:extraDep", "00000000000006bb"]]],
      ["imports",
       [["R1949DLean transitive imports (legacy)", "7a541952c0339858"],
        ["R1949DLean:importAllArts", "508c2dd105aec36b"]]]]],
    ["libs",
     [["import dynlibs", "00000000000006bb"],
      ["package external libraries", "00000000000006bb"],
      ["module dynlibs", "00000000000006bb"],
      ["module plugins", "00000000000006bb"]]]]],
  ["Lean 4.31.0, commit 68218e876d2a38b1985b8590fff244a83c321783",
   "fc45ac412f28501c"],
  ["/workspaces/R1961D_LEAN_VER/R1952DLeanSupport/VersionMap.lean",
   "cf4ab5a937c6c8ea"],
  ["options", "00000000000006bb"],
  ["isModule: false", "feefd2a0d3a1847e"],
  ["Module.name: R1952DLeanSupport.VersionMap", "10b66e7e2cd45bfe"],
  ["Package.id?: (some R1961DLeanPacket)", "d6847cf02e8cc660"],
  ["Module.leanArgs: #[]", "00000000000006bb"]],
 "depHash": "204127abac7f2561"}