{"synthetic": false,
 "schemaVersion": "2025-09-10",
 "outputs":
 {"o": ["5d44d3282d76cb63.olean"],
  "m": false,
  "i": "6eb65c396bc119fc.ilean",
  "c": "1ad1f2086d81f4b9.c"},
 "log":
 [{"message":
   ".> LEAN_PATH=/workspaces/R1961D_LEAN_VER/.lake/build/lib/lean /home/codespace/.elan/toolchains/leanprover--lean4---v4.31.0/bin/lean /workspaces/R1961D_LEAN_VER/R1961DLeanPacket/ExplicitPacketTransfer.lean -o /workspaces/R1961D_LEAN_VER/.lake/build/lib/lean/R1961DLeanPacket/ExplicitPacketTransfer.olean -i /workspaces/R1961D_LEAN_VER/.lake/build/lib/lean/R1961DLeanPacket/ExplicitPacketTransfer.ilean -c /workspaces/R1961D_LEAN_VER/.lake/build/ir/R1961DLeanPacket/ExplicitPacketTransfer.c --setup /workspaces/R1961D_LEAN_VER/.lake/build/ir/R1961DLeanPacket/ExplicitPacketTransfer.setup.json --json",
   "level": "trace"}],
 "inputs":
 [["R1961DLeanPacket.ExplicitPacketTransfer:deps",
   [["deps",
     [["R1961DLeanPacket/R1961DLeanPacket:extraDep",
       [["@R1961DLeanPacket:extraDep", "00000000000006bb"]]],
      ["imports",
       [["R1961DLeanPacket.PacketBalanceSystem transitive imports (legacy)",
         "88bb27f527736bc3"],
        ["R1961DLeanPacket.PacketBalanceSystem:importAllArts",
         "b14929b0691b4aa6"]]]]],
    ["libs",
     [["import dynlibs", "00000000000006bb"],
      ["package external libraries", "00000000000006bb"],
      ["module dynlibs", "00000000000006bb"],
      ["module plugins", "00000000000006bb"]]]]],
  ["Lean 4.31.0, commit 68218e876d2a38b1985b8590fff244a83c321783",
   "fc45ac412f28501c"],
  ["/workspaces/R1961D_LEAN_VER/R1961DLeanPacket/ExplicitPacketTransfer.lean",
   "faf846ab7c28be00"],
  ["options", "00000000000006bb"],
  ["isModule: false", "feefd2a0d3a1847e"],
  ["Module.name: R1961DLeanPacket.ExplicitPacketTransfer", "d44d4e7e611c84aa"],
  ["Package.id?: (some R1961DLeanPacket)", "d6847cf02e8cc660"],
  ["Module.leanArgs: #[]", "00000000000006bb"]],
 "depHash": "e43a7690b2f7199c"}