{"synthetic": false,
 "schemaVersion": "2025-09-10",
 "outputs":
 {"o": ["8aeecef07ed607d2.olean"],
  "m": false,
  "i": "3357d019de5498bb.ilean",
  "c": "3e76fcfc6855e891.c"},
 "log":
 [{"message":
   ".> LEAN_PATH=/workspaces/R1961D_LEAN_VER/.lake/build/lib/lean /home/codespace/.elan/toolchains/leanprover--lean4---v4.31.0/bin/lean /workspaces/R1961D_LEAN_VER/R1961DLeanPacket/PacketBalanceSystem.lean -o /workspaces/R1961D_LEAN_VER/.lake/build/lib/lean/R1961DLeanPacket/PacketBalanceSystem.olean -i /workspaces/R1961D_LEAN_VER/.lake/build/lib/lean/R1961DLeanPacket/PacketBalanceSystem.ilean -c /workspaces/R1961D_LEAN_VER/.lake/build/ir/R1961DLeanPacket/PacketBalanceSystem.c --setup /workspaces/R1961D_LEAN_VER/.lake/build/ir/R1961DLeanPacket/PacketBalanceSystem.setup.json --json",
   "level": "trace"}],
 "inputs":
 [["R1961DLeanPacket.PacketBalanceSystem:deps",
   [["deps",
     [["R1961DLeanPacket/R1961DLeanPacket:extraDep",
       [["@R1961DLeanPacket:extraDep", "00000000000006bb"]]],
      ["imports",
       [["R1960DLeanLimit transitive imports (legacy)", "052f4e0a699db9eb"],
        ["R1960DLeanLimit:importAllArts", "eab8b5f30de995e0"]]]]],
    ["libs",
     [["import dynlibs", "00000000000006bb"],
      ["package external libraries", "00000000000006bb"],
      ["module dynlibs", "00000000000006bb"],
      ["module plugins", "00000000000006bb"]]]]],
  ["Lean 4.31.0, commit 68218e876d2a38b1985b8590fff244a83c321783",
   "fc45ac412f28501c"],
  ["/workspaces/R1961D_LEAN_VER/R1961DLeanPacket/PacketBalanceSystem.lean",
   "0abd47147bb81688"],
  ["options", "00000000000006bb"],
  ["isModule: false", "feefd2a0d3a1847e"],
  ["Module.name: R1961DLeanPacket.PacketBalanceSystem", "8356cb356c72e57f"],
  ["Package.id?: (some R1961DLeanPacket)", "d6847cf02e8cc660"],
  ["Module.leanArgs: #[]", "00000000000006bb"]],
 "depHash": "99eee0c7c95aed11"}