{"synthetic": false,
 "schemaVersion": "2025-09-10",
 "outputs":
 {"o": ["3e669a99bc1e4208.olean"],
  "m": false,
  "i": "33c05c7d01c9ec5f.ilean",
  "c": "97ff2c4006cb50c0.c"},
 "log":
 [{"message":
   ".> LEAN_PATH=/workspaces/R1961D_LEAN_VER/.lake/build/lib/lean /home/codespace/.elan/toolchains/leanprover--lean4---v4.31.0/bin/lean /workspaces/R1961D_LEAN_VER/R1961DLeanPacket/PacketBalanceCertificates.lean -o /workspaces/R1961D_LEAN_VER/.lake/build/lib/lean/R1961DLeanPacket/PacketBalanceCertificates.olean -i /workspaces/R1961D_LEAN_VER/.lake/build/lib/lean/R1961DLeanPacket/PacketBalanceCertificates.ilean -c /workspaces/R1961D_LEAN_VER/.lake/build/ir/R1961DLeanPacket/PacketBalanceCertificates.c --setup /workspaces/R1961D_LEAN_VER/.lake/build/ir/R1961DLeanPacket/PacketBalanceCertificates.setup.json --json",
   "level": "trace"}],
 "inputs":
 [["R1961DLeanPacket.PacketBalanceCertificates:deps",
   [["deps",
     [["R1961DLeanPacket/R1961DLeanPacket:extraDep",
       [["@R1961DLeanPacket:extraDep", "00000000000006bb"]]],
      ["imports",
       [["R1961DLeanPacket.ExplicitPacketTransfer transitive imports (legacy)",
         "11bf2545b295d6cd"],
        ["R1961DLeanPacket.ExplicitPacketTransfer:importAllArts",
         "0413e85bf924f8d7"],
        ["R1956DLeanInterface transitive imports (legacy)", "802690a5f1b63ac5"],
        ["R1956DLeanInterface:importAllArts", "0534e19e2567980e"],
        ["R1958DLeanAudit transitive imports (legacy)", "a1992189826a6dc7"],
        ["R1958DLeanAudit:importAllArts", "33f4409ef03f3e3e"]]]]],
    ["libs",
     [["import dynlibs", "00000000000006bb"],
      ["package external libraries", "00000000000006bb"],
      ["module dynlibs", "00000000000006bb"],
      ["module plugins", "00000000000006bb"]]]]],
  ["Lean 4.31.0, commit 68218e876d2a38b1985b8590fff244a83c321783",
   "fc45ac412f28501c"],
  ["/workspaces/R1961D_LEAN_VER/R1961DLeanPacket/PacketBalanceCertificates.lean",
   "78610bbd21f8f43a"],
  ["options", "00000000000006bb"],
  ["isModule: false", "feefd2a0d3a1847e"],
  ["Module.name: R1961DLeanPacket.PacketBalanceCertificates",
   "34f175a4f5c042c9"],
  ["Package.id?: (some R1961DLeanPacket)", "d6847cf02e8cc660"],
  ["Module.leanArgs: #[]", "00000000000006bb"]],
 "depHash": "fcc3a4e86bac5f90"}