{"synthetic": false,
 "schemaVersion": "2025-09-10",
 "outputs":
 {"o": ["a2d4a3a9709a8f49.olean"],
  "m": false,
  "i": "410ffe6654273e88.ilean",
  "c": "b944923e2d01b7c1.c"},
 "log":
 [{"message":
   ".> LEAN_PATH=/workspaces/R1961D_LEAN_VER/.lake/build/lib/lean /home/codespace/.elan/toolchains/leanprover--lean4---v4.31.0/bin/lean /workspaces/R1961D_LEAN_VER/R1961DLeanPacket/ToyPacketBalance.lean -o /workspaces/R1961D_LEAN_VER/.lake/build/lib/lean/R1961DLeanPacket/ToyPacketBalance.olean -i /workspaces/R1961D_LEAN_VER/.lake/build/lib/lean/R1961DLeanPacket/ToyPacketBalance.ilean -c /workspaces/R1961D_LEAN_VER/.lake/build/ir/R1961DLeanPacket/ToyPacketBalance.c --setup /workspaces/R1961D_LEAN_VER/.lake/build/ir/R1961DLeanPacket/ToyPacketBalance.setup.json --json",
   "level": "trace"}],
 "inputs":
 [["R1961DLeanPacket.ToyPacketBalance:deps",
   [["deps",
     [["R1961DLeanPacket/R1961DLeanPacket:extraDep",
       [["@R1961DLeanPacket:extraDep", "00000000000006bb"]]],
      ["imports",
       [["R1961DLeanPacket.PacketBalanceCertificates transitive imports (legacy)",
         "3821c97c80f41a7e"],
        ["R1961DLeanPacket.PacketBalanceCertificates:importAllArts",
         "c37cfec34a144f6a"],
        ["R1960DLeanLimit.ToyLimitPassage transitive imports (legacy)",
         "980eb51279650a52"],
        ["R1960DLeanLimit.ToyLimitPassage:importAllArts",
         "56c0ecb1223508a3"]]]]],
    ["libs",
     [["import dynlibs", "00000000000006bb"],
      ["package external libraries", "00000000000006bb"],
      ["module dynlibs", "00000000000006bb"],
      ["module plugins", "00000000000006bb"]]]]],
  ["Lean 4.31.0, commit 68218e876d2a38b1985b8590fff244a83c321783",
   "fc45ac412f28501c"],
  ["/workspaces/R1961D_LEAN_VER/R1961DLeanPacket/ToyPacketBalance.lean",
   "b8b72f20014846dd"],
  ["options", "00000000000006bb"],
  ["isModule: false", "feefd2a0d3a1847e"],
  ["Module.name: R1961DLeanPacket.ToyPacketBalance", "d5cddcbb215129f8"],
  ["Package.id?: (some R1961DLeanPacket)", "d6847cf02e8cc660"],
  ["Module.leanArgs: #[]", "00000000000006bb"]],
 "depHash": "f0f8c4459e035548"}