{"synthetic": false,
 "schemaVersion": "2025-09-10",
 "outputs":
 {"o": ["a84d737006d6b03e.olean"],
  "m": false,
  "i": "ed25842a3db9096b.ilean",
  "c": "003eb71fbaf18666.c"},
 "log":
 [{"message":
   ".> LEAN_PATH=/workspaces/R1961D_LEAN_VER/.lake/build/lib/lean /home/codespace/.elan/toolchains/leanprover--lean4---v4.31.0/bin/lean /workspaces/R1961D_LEAN_VER/R1961DLeanPacket/VersionPacket.lean -o /workspaces/R1961D_LEAN_VER/.lake/build/lib/lean/R1961DLeanPacket/VersionPacket.olean -i /workspaces/R1961D_LEAN_VER/.lake/build/lib/lean/R1961DLeanPacket/VersionPacket.ilean -c /workspaces/R1961D_LEAN_VER/.lake/build/ir/R1961DLeanPacket/VersionPacket.c --setup /workspaces/R1961D_LEAN_VER/.lake/build/ir/R1961DLeanPacket/VersionPacket.setup.json --json",
   "level": "trace"}],
 "inputs":
 [["R1961DLeanPacket.VersionPacket:deps",
   [["deps",
     [["R1961DLeanPacket/R1961DLeanPacket:extraDep",
       [["@R1961DLeanPacket:extraDep", "00000000000006bb"]]],
      ["imports",
       [["R1961DLeanPacket.PacketBalanceCertificates transitive imports (legacy)",
         "3821c97c80f41a7e"],
        ["R1961DLeanPacket.PacketBalanceCertificates:importAllArts",
         "c37cfec34a144f6a"]]]]],
    ["libs",
     [["import dynlibs", "00000000000006bb"],
      ["package external libraries", "00000000000006bb"],
      ["module dynlibs", "00000000000006bb"],
      ["module plugins", "00000000000006bb"]]]]],
  ["Lean 4.31.0, commit 68218e876d2a38b1985b8590fff244a83c321783",
   "fc45ac412f28501c"],
  ["/workspaces/R1961D_LEAN_VER/R1961DLeanPacket/VersionPacket.lean",
   "c6d6c9aa39dec82d"],
  ["options", "00000000000006bb"],
  ["isModule: false", "feefd2a0d3a1847e"],
  ["Module.name: R1961DLeanPacket.VersionPacket", "ac08fcd1159df6e6"],
  ["Package.id?: (some R1961DLeanPacket)", "d6847cf02e8cc660"],
  ["Module.leanArgs: #[]", "00000000000006bb"]],
 "depHash": "844a05491c21cb65"}