{"synthetic": false,
 "schemaVersion": "2025-09-10",
 "outputs":
 {"o": ["982a73fb7c274c69.olean"],
  "m": false,
  "i": "d090bd0fd746a407.ilean",
  "c": "659d92f979b43f4b.c"},
 "log":
 [{"message":
   ".> LEAN_PATH=/workspaces/R1961D_LEAN_VER/.lake/build/lib/lean /home/codespace/.elan/toolchains/leanprover--lean4---v4.31.0/bin/lean /workspaces/R1961D_LEAN_VER/R1955DLeanScaffold/ManuscriptScaffolds.lean -o /workspaces/R1961D_LEAN_VER/.lake/build/lib/lean/R1955DLeanScaffold/ManuscriptScaffolds.olean -i /workspaces/R1961D_LEAN_VER/.lake/build/lib/lean/R1955DLeanScaffold/ManuscriptScaffolds.ilean -c /workspaces/R1961D_LEAN_VER/.lake/build/ir/R1955DLeanScaffold/ManuscriptScaffolds.c --setup /workspaces/R1961D_LEAN_VER/.lake/build/ir/R1955DLeanScaffold/ManuscriptScaffolds.setup.json --json",
   "level": "trace"}],
 "inputs":
 [["R1955DLeanScaffold.ManuscriptScaffolds:deps",
   [["deps",
     [["R1961DLeanPacket/R1955DLeanScaffold:extraDep",
       [["@R1961DLeanPacket:extraDep", "00000000000006bb"]]],
      ["imports",
       [["R1955DLeanScaffold.SemiConcreteTargets transitive imports (legacy)",
         "0f0103960fc158ea"],
        ["R1955DLeanScaffold.SemiConcreteTargets:importAllArts",
         "062b85b00107dabb"]]]]],
    ["libs",
     [["import dynlibs", "00000000000006bb"],
      ["package external libraries", "00000000000006bb"],
      ["module dynlibs", "00000000000006bb"],
      ["module plugins", "00000000000006bb"]]]]],
  ["Lean 4.31.0, commit 68218e876d2a38b1985b8590fff244a83c321783",
   "fc45ac412f28501c"],
  ["/workspaces/R1961D_LEAN_VER/R1955DLeanScaffold/ManuscriptScaffolds.lean",
   "32b50e203e68b0fd"],
  ["options", "00000000000006bb"],
  ["isModule: false", "feefd2a0d3a1847e"],
  ["Module.name: R1955DLeanScaffold.ManuscriptScaffolds", "bf013851628a876a"],
  ["Package.id?: (some R1961DLeanPacket)", "d6847cf02e8cc660"],
  ["Module.leanArgs: #[]", "00000000000006bb"]],
 "depHash": "f49c64014603a4f8"}