{"synthetic": false,
 "schemaVersion": "2025-09-10",
 "outputs":
 {"o": ["b6d61a907fb80644.olean"],
  "m": false,
  "i": "7d96a39daaac3634.ilean",
  "c": "ac373bc68c1c568e.c"},
 "log":
 [{"message":
   ".> LEAN_PATH=/workspaces/R1961D_LEAN_VER/.lake/build/lib/lean /home/codespace/.elan/toolchains/leanprover--lean4---v4.31.0/bin/lean /workspaces/R1961D_LEAN_VER/R1955DLeanScaffold/RefinedBridgeAxioms.lean -o /workspaces/R1961D_LEAN_VER/.lake/build/lib/lean/R1955DLeanScaffold/RefinedBridgeAxioms.olean -i /workspaces/R1961D_LEAN_VER/.lake/build/lib/lean/R1955DLeanScaffold/RefinedBridgeAxioms.ilean -c /workspaces/R1961D_LEAN_VER/.lake/build/ir/R1955DLeanScaffold/RefinedBridgeAxioms.c --setup /workspaces/R1961D_LEAN_VER/.lake/build/ir/R1955DLeanScaffold/RefinedBridgeAxioms.setup.json --json",
   "level": "trace"}],
 "inputs":
 [["R1955DLeanScaffold.RefinedBridgeAxioms:deps",
   [["deps",
     [["R1961DLeanPacket/R1955DLeanScaffold:extraDep",
       [["@R1961DLeanPacket:extraDep", "00000000000006bb"]]],
      ["imports",
       [["R1955DLeanScaffold.RefinedBridgeObligations transitive imports (legacy)",
         "2fb7940428b20a61"],
        ["R1955DLeanScaffold.RefinedBridgeObligations:importAllArts",
         "51af1d7f2158b0c6"],
        ["R1954DLeanBridge.BridgeTheorems transitive imports (legacy)",
         "ca50733d9167b365"],
        ["R1954DLeanBridge.BridgeTheorems:importAllArts",
         "bccc65347ede3e8c"]]]]],
    ["libs",
     [["import dynlibs", "00000000000006bb"],
      ["package external libraries", "00000000000006bb"],
      ["module dynlibs", "00000000000006bb"],
      ["module plugins", "00000000000006bb"]]]]],
  ["Lean 4.31.0, commit 68218e876d2a38b1985b8590fff244a83c321783",
   "fc45ac412f28501c"],
  ["/workspaces/R1961D_LEAN_VER/R1955DLeanScaffold/RefinedBridgeAxioms.lean",
   "341352ffb9436b27"],
  ["options", "00000000000006bb"],
  ["isModule: false", "feefd2a0d3a1847e"],
  ["Module.name: R1955DLeanScaffold.RefinedBridgeAxioms", "26447b49127a05ad"],
  ["Package.id?: (some R1961DLeanPacket)", "d6847cf02e8cc660"],
  ["Module.leanArgs: #[]", "00000000000006bb"]],
 "depHash": "e76aab7bd5e6f428"}