{"synthetic": false,
 "schemaVersion": "2025-09-10",
 "outputs":
 {"o": ["6c81e4d873827392.olean"],
  "m": false,
  "i": "9c97dc7a501850ec.ilean",
  "c": "34bbadf1ab0a8ff9.c"},
 "log":
 [{"message":
   ".> LEAN_PATH=/workspaces/R1961D_LEAN_VER/.lake/build/lib/lean /home/codespace/.elan/toolchains/leanprover--lean4---v4.31.0/bin/lean /workspaces/R1961D_LEAN_VER/R1955DLeanScaffold/RefinedBridgeObligations.lean -o /workspaces/R1961D_LEAN_VER/.lake/build/lib/lean/R1955DLeanScaffold/RefinedBridgeObligations.olean -i /workspaces/R1961D_LEAN_VER/.lake/build/lib/lean/R1955DLeanScaffold/RefinedBridgeObligations.ilean -c /workspaces/R1961D_LEAN_VER/.lake/build/ir/R1955DLeanScaffold/RefinedBridgeObligations.c --setup /workspaces/R1961D_LEAN_VER/.lake/build/ir/R1955DLeanScaffold/RefinedBridgeObligations.setup.json --json",
   "level": "trace"}],
 "inputs":
 [["R1955DLeanScaffold.RefinedBridgeObligations:deps",
   [["deps",
     [["R1961DLeanPacket/R1955DLeanScaffold:extraDep",
       [["@R1961DLeanPacket:extraDep", "00000000000006bb"]]],
      ["imports",
       [["R1955DLeanScaffold.ManuscriptScaffolds transitive imports (legacy)",
         "7292241e468ba2eb"],
        ["R1955DLeanScaffold.ManuscriptScaffolds:importAllArts",
         "ccb6f9daa487baed"],
        ["R1954DLeanBridge.BridgeObligations transitive imports (legacy)",
         "9591773bf65b91bb"],
        ["R1954DLeanBridge.BridgeObligations:importAllArts",
         "236903aaaed24b05"]]]]],
    ["libs",
     [["import dynlibs", "00000000000006bb"],
      ["package external libraries", "00000000000006bb"],
      ["module dynlibs", "00000000000006bb"],
      ["module plugins", "00000000000006bb"]]]]],
  ["Lean 4.31.0, commit 68218e876d2a38b1985b8590fff244a83c321783",
   "fc45ac412f28501c"],
  ["/workspaces/R1961D_LEAN_VER/R1955DLeanScaffold/RefinedBridgeObligations.lean",
   "e614d31e38cc03f1"],
  ["options", "00000000000006bb"],
  ["isModule: false", "feefd2a0d3a1847e"],
  ["Module.name: R1955DLeanScaffold.RefinedBridgeObligations",
   "6d37eb22450ac752"],
  ["Package.id?: (some R1961DLeanPacket)", "d6847cf02e8cc660"],
  ["Module.leanArgs: #[]", "00000000000006bb"]],
 "depHash": "94fccb39bbfbb9c3"}