{"synthetic": false,
 "schemaVersion": "2025-09-10",
 "outputs":
 {"o": ["4f308fb777a916f4.olean"],
  "m": false,
  "i": "7b29ed954b809865.ilean",
  "c": "c0636f49d5758c73.c"},
 "log":
 [{"message":
   ".> LEAN_PATH=/workspaces/R1961D_LEAN_VER/.lake/build/lib/lean /home/codespace/.elan/toolchains/leanprover--lean4---v4.31.0/bin/lean /workspaces/R1961D_LEAN_VER/R1955DLeanScaffold/RefinedBridgeTheorems.lean -o /workspaces/R1961D_LEAN_VER/.lake/build/lib/lean/R1955DLeanScaffold/RefinedBridgeTheorems.olean -i /workspaces/R1961D_LEAN_VER/.lake/build/lib/lean/R1955DLeanScaffold/RefinedBridgeTheorems.ilean -c /workspaces/R1961D_LEAN_VER/.lake/build/ir/R1955DLeanScaffold/RefinedBridgeTheorems.c --setup /workspaces/R1961D_LEAN_VER/.lake/build/ir/R1955DLeanScaffold/RefinedBridgeTheorems.setup.json --json",
   "level": "trace"}],
 "inputs":
 [["R1955DLeanScaffold.RefinedBridgeTheorems:deps",
   [["deps",
     [["R1961DLeanPacket/R1955DLeanScaffold:extraDep",
       [["@R1961DLeanPacket:extraDep", "00000000000006bb"]]],
      ["imports",
       [["R1955DLeanScaffold.RefinedBridgeAxioms transitive imports (legacy)",
         "c5eb699efef19e2a"],
        ["R1955DLeanScaffold.RefinedBridgeAxioms:importAllArts",
         "27e343a7e3c327d1"]]]]],
    ["libs",
     [["import dynlibs", "00000000000006bb"],
      ["package external libraries", "00000000000006bb"],
      ["module dynlibs", "00000000000006bb"],
      ["module plugins", "00000000000006bb"]]]]],
  ["Lean 4.31.0, commit 68218e876d2a38b1985b8590fff244a83c321783",
   "fc45ac412f28501c"],
  ["/workspaces/R1961D_LEAN_VER/R1955DLeanScaffold/RefinedBridgeTheorems.lean",
   "701cb755fb33d901"],
  ["options", "00000000000006bb"],
  ["isModule: false", "feefd2a0d3a1847e"],
  ["Module.name: R1955DLeanScaffold.RefinedBridgeTheorems", "97460501b9efa354"],
  ["Package.id?: (some R1961DLeanPacket)", "d6847cf02e8cc660"],
  ["Module.leanArgs: #[]", "00000000000006bb"]],
 "depHash": "5ea92881c21cf986"}