{"synthetic": false,
 "schemaVersion": "2025-09-10",
 "outputs":
 {"o": ["a01407c51a1fd808.olean"],
  "m": false,
  "i": "549efd9083e1d93e.ilean",
  "c": "614cc0a19598d9ae.c"},
 "log":
 [{"message":
   ".> LEAN_PATH=/workspaces/R1961D_LEAN_VER/.lake/build/lib/lean /home/codespace/.elan/toolchains/leanprover--lean4---v4.31.0/bin/lean /workspaces/R1961D_LEAN_VER/R1955DLeanScaffold/SemiConcreteTargets.lean -o /workspaces/R1961D_LEAN_VER/.lake/build/lib/lean/R1955DLeanScaffold/SemiConcreteTargets.olean -i /workspaces/R1961D_LEAN_VER/.lake/build/lib/lean/R1955DLeanScaffold/SemiConcreteTargets.ilean -c /workspaces/R1961D_LEAN_VER/.lake/build/ir/R1955DLeanScaffold/SemiConcreteTargets.c --setup /workspaces/R1961D_LEAN_VER/.lake/build/ir/R1955DLeanScaffold/SemiConcreteTargets.setup.json --json",
   "level": "trace"}],
 "inputs":
 [["R1955DLeanScaffold.SemiConcreteTargets:deps",
   [["deps",
     [["R1961DLeanPacket/R1955DLeanScaffold:extraDep",
       [["@R1961DLeanPacket:extraDep", "00000000000006bb"]]],
      ["imports",
       [["R1955DLeanScaffold.VersionScaffold transitive imports (legacy)",
         "9f65775468625305"],
        ["R1955DLeanScaffold.VersionScaffold:importAllArts",
         "324497ffcfba62e7"]]]]],
    ["libs",
     [["import dynlibs", "00000000000006bb"],
      ["package external libraries", "00000000000006bb"],
      ["module dynlibs", "00000000000006bb"],
      ["module plugins", "00000000000006bb"]]]]],
  ["Lean 4.31.0, commit 68218e876d2a38b1985b8590fff244a83c321783",
   "fc45ac412f28501c"],
  ["/workspaces/R1961D_LEAN_VER/R1955DLeanScaffold/SemiConcreteTargets.lean",
   "d983c4e891ed8984"],
  ["options", "00000000000006bb"],
  ["isModule: false", "feefd2a0d3a1847e"],
  ["Module.name: R1955DLeanScaffold.SemiConcreteTargets", "0713a852c0a74a40"],
  ["Package.id?: (some R1961DLeanPacket)", "d6847cf02e8cc660"],
  ["Module.leanArgs: #[]", "00000000000006bb"]],
 "depHash": "d1be656d11c31f1c"}