{"synthetic": false,
 "schemaVersion": "2025-09-10",
 "outputs":
 {"o": ["0946b2388db28a2f.olean"],
  "m": false,
  "i": "7131cc1de94e381b.ilean",
  "c": "4d06dda521605067.c"},
 "log":
 [{"message":
   ".> LEAN_PATH=/workspaces/R1961D_LEAN_VER/.lake/build/lib/lean /home/codespace/.elan/toolchains/leanprover--lean4---v4.31.0/bin/lean /workspaces/R1961D_LEAN_VER/R1955DLeanScaffold/ToyScaffold.lean -o /workspaces/R1961D_LEAN_VER/.lake/build/lib/lean/R1955DLeanScaffold/ToyScaffold.olean -i /workspaces/R1961D_LEAN_VER/.lake/build/lib/lean/R1955DLeanScaffold/ToyScaffold.ilean -c /workspaces/R1961D_LEAN_VER/.lake/build/ir/R1955DLeanScaffold/ToyScaffold.c --setup /workspaces/R1961D_LEAN_VER/.lake/build/ir/R1955DLeanScaffold/ToyScaffold.setup.json --json",
   "level": "trace"}],
 "inputs":
 [["R1955DLeanScaffold.ToyScaffold:deps",
   [["deps",
     [["R1961DLeanPacket/R1955DLeanScaffold:extraDep",
       [["@R1961DLeanPacket:extraDep", "00000000000006bb"]]],
      ["imports",
       [["R1955DLeanScaffold.RefinedBridgeTheorems transitive imports (legacy)",
         "2ff9f73a904ccba3"],
        ["R1955DLeanScaffold.RefinedBridgeTheorems:importAllArts",
         "3085a26a3f6333df"],
        ["R1954DLeanBridge.ToyBridge transitive imports (legacy)",
         "c7436b0bf51f2410"],
        ["R1954DLeanBridge.ToyBridge:importAllArts", "bbf0958cff03b275"]]]]],
    ["libs",
     [["import dynlibs", "00000000000006bb"],
      ["package external libraries", "00000000000006bb"],
      ["module dynlibs", "00000000000006bb"],
      ["module plugins", "00000000000006bb"]]]]],
  ["Lean 4.31.0, commit 68218e876d2a38b1985b8590fff244a83c321783",
   "fc45ac412f28501c"],
  ["/workspaces/R1961D_LEAN_VER/R1955DLeanScaffold/ToyScaffold.lean",
   "6332c545096374fb"],
  ["options", "00000000000006bb"],
  ["isModule: false", "feefd2a0d3a1847e"],
  ["Module.name: R1955DLeanScaffold.ToyScaffold", "2d2682f403260a1c"],
  ["Package.id?: (some R1961DLeanPacket)", "d6847cf02e8cc660"],
  ["Module.leanArgs: #[]", "00000000000006bb"]],
 "depHash": "a872f2cac0221461"}