{"synthetic": false,
 "schemaVersion": "2025-09-10",
 "outputs":
 {"o": ["a391ef33e32a060b.olean"],
  "m": false,
  "i": "019a4cf7ebb4de8c.ilean",
  "c": "03e1b271ed04ac4e.c"},
 "log":
 [{"message":
   ".> LEAN_PATH=/workspaces/R1961D_LEAN_VER/.lake/build/lib/lean /home/codespace/.elan/toolchains/leanprover--lean4---v4.31.0/bin/lean /workspaces/R1961D_LEAN_VER/R1955DLeanScaffold/VersionScaffold.lean -o /workspaces/R1961D_LEAN_VER/.lake/build/lib/lean/R1955DLeanScaffold/VersionScaffold.olean -i /workspaces/R1961D_LEAN_VER/.lake/build/lib/lean/R1955DLeanScaffold/VersionScaffold.ilean -c /workspaces/R1961D_LEAN_VER/.lake/build/ir/R1955DLeanScaffold/VersionScaffold.c --setup /workspaces/R1961D_LEAN_VER/.lake/build/ir/R1955DLeanScaffold/VersionScaffold.setup.json --json",
   "level": "trace"}],
 "inputs":
 [["R1955DLeanScaffold.VersionScaffold:deps",
   [["deps",
     [["R1961DLeanPacket/R1955DLeanScaffold:extraDep",
       [["@R1961DLeanPacket:extraDep", "00000000000006bb"]]],
      ["imports",
       [["R1954DLeanBridge transitive imports (legacy)", "2a530b30fafb458b"],
        ["R1954DLeanBridge:importAllArts", "0514d4b075c64138"]]]]],
    ["libs",
     [["import dynlibs", "00000000000006bb"],
      ["package external libraries", "00000000000006bb"],
      ["module dynlibs", "00000000000006bb"],
      ["module plugins", "00000000000006bb"]]]]],
  ["Lean 4.31.0, commit 68218e876d2a38b1985b8590fff244a83c321783",
   "fc45ac412f28501c"],
  ["/workspaces/R1961D_LEAN_VER/R1955DLeanScaffold/VersionScaffold.lean",
   "02460fc9de39ed53"],
  ["options", "00000000000006bb"],
  ["isModule: false", "feefd2a0d3a1847e"],
  ["Module.name: R1955DLeanScaffold.VersionScaffold", "821792c1a0d85f60"],
  ["Package.id?: (some R1961DLeanPacket)", "d6847cf02e8cc660"],
  ["Module.leanArgs: #[]", "00000000000006bb"]],
 "depHash": "d5bb12057401b634"}