{"synthetic": false,
 "schemaVersion": "2025-09-10",
 "outputs":
 {"o": ["84fd0441ee89526b.olean"],
  "m": false,
  "i": "b733b07de846a69e.ilean",
  "c": "06c0878dba0ae2a5.c"},
 "log":
 [{"message":
   ".> LEAN_PATH=/workspaces/R1961D_LEAN_VER/.lake/build/lib/lean /home/codespace/.elan/toolchains/leanprover--lean4---v4.31.0/bin/lean /workspaces/R1961D_LEAN_VER/R1954DLeanBridge/BridgeObligations.lean -o /workspaces/R1961D_LEAN_VER/.lake/build/lib/lean/R1954DLeanBridge/BridgeObligations.olean -i /workspaces/R1961D_LEAN_VER/.lake/build/lib/lean/R1954DLeanBridge/BridgeObligations.ilean -c /workspaces/R1961D_LEAN_VER/.lake/build/ir/R1954DLeanBridge/BridgeObligations.c --setup /workspaces/R1961D_LEAN_VER/.lake/build/ir/R1954DLeanBridge/BridgeObligations.setup.json --json",
   "level": "trace"}],
 "inputs":
 [["R1954DLeanBridge.BridgeObligations:deps",
   [["deps",
     [["R1961DLeanPacket/R1954DLeanBridge:extraDep",
       [["@R1961DLeanPacket:extraDep", "00000000000006bb"]]],
      ["imports",
       [["R1954DLeanBridge.ManuscriptObjects transitive imports (legacy)",
         "672c546f666a9a77"],
        ["R1954DLeanBridge.ManuscriptObjects:importAllArts",
         "ad2cc9484e1e4690"],
        ["R1952DLeanSupport.ObligationFieldBindings transitive imports (legacy)",
         "3e9176e0bc364774"],
        ["R1952DLeanSupport.ObligationFieldBindings:importAllArts",
         "930f87149ea5d34e"]]]]],
    ["libs",
     [["import dynlibs", "00000000000006bb"],
      ["package external libraries", "00000000000006bb"],
      ["module dynlibs", "00000000000006bb"],
      ["module plugins", "00000000000006bb"]]]]],
  ["Lean 4.31.0, commit 68218e876d2a38b1985b8590fff244a83c321783",
   "fc45ac412f28501c"],
  ["/workspaces/R1961D_LEAN_VER/R1954DLeanBridge/BridgeObligations.lean",
   "f67ae27a9e8edf97"],
  ["options", "00000000000006bb"],
  ["isModule: false", "feefd2a0d3a1847e"],
  ["Module.name: R1954DLeanBridge.BridgeObligations", "ee94a7881f2070ed"],
  ["Package.id?: (some R1961DLeanPacket)", "d6847cf02e8cc660"],
  ["Module.leanArgs: #[]", "00000000000006bb"]],
 "depHash": "a2685f87815bd5f8"}