{"synthetic": false,
 "schemaVersion": "2025-09-10",
 "outputs":
 {"o": ["45f9cb736c8c5d5a.olean"],
  "m": false,
  "i": "25dd5cc6a4c775b5.ilean",
  "c": "c664370eef02861b.c"},
 "log":
 [{"message":
   ".> LEAN_PATH=/workspaces/R1961D_LEAN_VER/.lake/build/lib/lean /home/codespace/.elan/toolchains/leanprover--lean4---v4.31.0/bin/lean /workspaces/R1961D_LEAN_VER/R1954DLeanBridge/BridgeTheorems.lean -o /workspaces/R1961D_LEAN_VER/.lake/build/lib/lean/R1954DLeanBridge/BridgeTheorems.olean -i /workspaces/R1961D_LEAN_VER/.lake/build/lib/lean/R1954DLeanBridge/BridgeTheorems.ilean -c /workspaces/R1961D_LEAN_VER/.lake/build/ir/R1954DLeanBridge/BridgeTheorems.c --setup /workspaces/R1961D_LEAN_VER/.lake/build/ir/R1954DLeanBridge/BridgeTheorems.setup.json --json",
   "level": "trace"}],
 "inputs":
 [["R1954DLeanBridge.BridgeTheorems:deps",
   [["deps",
     [["R1961DLeanPacket/R1954DLeanBridge:extraDep",
       [["@R1961DLeanPacket:extraDep", "00000000000006bb"]]],
      ["imports",
       [["R1954DLeanBridge.BridgeObligations transitive imports (legacy)",
         "9591773bf65b91bb"],
        ["R1954DLeanBridge.BridgeObligations:importAllArts",
         "236903aaaed24b05"]]]]],
    ["libs",
     [["import dynlibs", "00000000000006bb"],
      ["package external libraries", "00000000000006bb"],
      ["module dynlibs", "00000000000006bb"],
      ["module plugins", "00000000000006bb"]]]]],
  ["Lean 4.31.0, commit 68218e876d2a38b1985b8590fff244a83c321783",
   "fc45ac412f28501c"],
  ["/workspaces/R1961D_LEAN_VER/R1954DLeanBridge/BridgeTheorems.lean",
   "ff1b7c3dcf4a8cf3"],
  ["options", "00000000000006bb"],
  ["isModule: false", "feefd2a0d3a1847e"],
  ["Module.name: R1954DLeanBridge.BridgeTheorems", "6024275a4a2d408e"],
  ["Package.id?: (some R1961DLeanPacket)", "d6847cf02e8cc660"],
  ["Module.leanArgs: #[]", "00000000000006bb"]],
 "depHash": "e38608c340d653de"}