{"synthetic": false,
 "schemaVersion": "2025-09-10",
 "outputs":
 {"o": ["9a3139bad724bf56.olean"],
  "m": false,
  "i": "59bd2190b70e20f5.ilean",
  "c": "74339979748d0fa6.c"},
 "log":
 [{"message":
   ".> LEAN_PATH=/workspaces/R1961D_LEAN_VER/.lake/build/lib/lean /home/codespace/.elan/toolchains/leanprover--lean4---v4.31.0/bin/lean /workspaces/R1961D_LEAN_VER/R1954DLeanBridge/ManuscriptObjects.lean -o /workspaces/R1961D_LEAN_VER/.lake/build/lib/lean/R1954DLeanBridge/ManuscriptObjects.olean -i /workspaces/R1961D_LEAN_VER/.lake/build/lib/lean/R1954DLeanBridge/ManuscriptObjects.ilean -c /workspaces/R1961D_LEAN_VER/.lake/build/ir/R1954DLeanBridge/ManuscriptObjects.c --setup /workspaces/R1961D_LEAN_VER/.lake/build/ir/R1954DLeanBridge/ManuscriptObjects.setup.json --json",
   "level": "trace"}],
 "inputs":
 [["R1954DLeanBridge.ManuscriptObjects:deps",
   [["deps",
     [["R1961DLeanPacket/R1954DLeanBridge:extraDep",
       [["@R1961DLeanPacket:extraDep", "00000000000006bb"]]],
      ["imports",
       [["R1954DLeanBridge.StandardTargets transitive imports (legacy)",
         "417a5af88aae9ab7"],
        ["R1954DLeanBridge.StandardTargets:importAllArts",
         "b42e25242717979a"]]]]],
    ["libs",
     [["import dynlibs", "00000000000006bb"],
      ["package external libraries", "00000000000006bb"],
      ["module dynlibs", "00000000000006bb"],
      ["module plugins", "00000000000006bb"]]]]],
  ["Lean 4.31.0, commit 68218e876d2a38b1985b8590fff244a83c321783",
   "fc45ac412f28501c"],
  ["/workspaces/R1961D_LEAN_VER/R1954DLeanBridge/ManuscriptObjects.lean",
   "8d5b866baf0e2676"],
  ["options", "00000000000006bb"],
  ["isModule: false", "feefd2a0d3a1847e"],
  ["Module.name: R1954DLeanBridge.ManuscriptObjects", "9b0951017230fa5c"],
  ["Package.id?: (some R1961DLeanPacket)", "d6847cf02e8cc660"],
  ["Module.leanArgs: #[]", "00000000000006bb"]],
 "depHash": "19f610b019c4512c"}