{"synthetic": false,
 "schemaVersion": "2025-09-10",
 "outputs":
 {"o": ["0c3c61cec4bcb201.olean"],
  "m": false,
  "i": "894cc6faa76f0ab8.ilean",
  "c": "409837cb485e8d3c.c"},
 "log":
 [{"message":
   ".> LEAN_PATH=/workspaces/R1961D_LEAN_VER/.lake/build/lib/lean /home/codespace/.elan/toolchains/leanprover--lean4---v4.31.0/bin/lean /workspaces/R1961D_LEAN_VER/R1954DLeanBridge/StandardTargets.lean -o /workspaces/R1961D_LEAN_VER/.lake/build/lib/lean/R1954DLeanBridge/StandardTargets.olean -i /workspaces/R1961D_LEAN_VER/.lake/build/lib/lean/R1954DLeanBridge/StandardTargets.ilean -c /workspaces/R1961D_LEAN_VER/.lake/build/ir/R1954DLeanBridge/StandardTargets.c --setup /workspaces/R1961D_LEAN_VER/.lake/build/ir/R1954DLeanBridge/StandardTargets.setup.json --json",
   "level": "trace"}],
 "inputs":
 [["R1954DLeanBridge.StandardTargets:deps",
   [["deps",
     [["R1961DLeanPacket/R1954DLeanBridge:extraDep",
       [["@R1961DLeanPacket:extraDep", "00000000000006bb"]]],
      ["imports",
       [["R1954DLeanBridge.VersionBridge transitive imports (legacy)",
         "91bfed82195a77c6"],
        ["R1954DLeanBridge.VersionBridge:importAllArts",
         "ebc4f39b7914f3bc"]]]]],
    ["libs",
     [["import dynlibs", "00000000000006bb"],
      ["package external libraries", "00000000000006bb"],
      ["module dynlibs", "00000000000006bb"],
      ["module plugins", "00000000000006bb"]]]]],
  ["Lean 4.31.0, commit 68218e876d2a38b1985b8590fff244a83c321783",
   "fc45ac412f28501c"],
  ["/workspaces/R1961D_LEAN_VER/R1954DLeanBridge/StandardTargets.lean",
   "7a4524f362fd1fd4"],
  ["options", "00000000000006bb"],
  ["isModule: false", "feefd2a0d3a1847e"],
  ["Module.name: R1954DLeanBridge.StandardTargets", "8b63b6cb2c3cf5e8"],
  ["Package.id?: (some R1961DLeanPacket)", "d6847cf02e8cc660"],
  ["Module.leanArgs: #[]", "00000000000006bb"]],
 "depHash": "182d214c31dfa3cc"}