{"synthetic": false,
 "schemaVersion": "2025-09-10",
 "outputs":
 {"o": ["f96444d5fda284fd.olean"],
  "m": false,
  "i": "0a0e743838bd4030.ilean",
  "c": "0c55cfcbd8194719.c"},
 "log":
 [{"message":
   ".> LEAN_PATH=/workspaces/R1961D_LEAN_VER/.lake/build/lib/lean /home/codespace/.elan/toolchains/leanprover--lean4---v4.31.0/bin/lean /workspaces/R1961D_LEAN_VER/R1954DLeanBridge/ToyBridge.lean -o /workspaces/R1961D_LEAN_VER/.lake/build/lib/lean/R1954DLeanBridge/ToyBridge.olean -i /workspaces/R1961D_LEAN_VER/.lake/build/lib/lean/R1954DLeanBridge/ToyBridge.ilean -c /workspaces/R1961D_LEAN_VER/.lake/build/ir/R1954DLeanBridge/ToyBridge.c --setup /workspaces/R1961D_LEAN_VER/.lake/build/ir/R1954DLeanBridge/ToyBridge.setup.json --json",
   "level": "trace"}],
 "inputs":
 [["R1954DLeanBridge.ToyBridge:deps",
   [["deps",
     [["R1961DLeanPacket/R1954DLeanBridge:extraDep",
       [["@R1961DLeanPacket:extraDep", "00000000000006bb"]]],
      ["imports",
       [["R1954DLeanBridge.BridgeTheorems transitive imports (legacy)",
         "ca50733d9167b365"],
        ["R1954DLeanBridge.BridgeTheorems:importAllArts",
         "bccc65347ede3e8c"]]]]],
    ["libs",
     [["import dynlibs", "00000000000006bb"],
      ["package external libraries", "00000000000006bb"],
      ["module dynlibs", "00000000000006bb"],
      ["module plugins", "00000000000006bb"]]]]],
  ["Lean 4.31.0, commit 68218e876d2a38b1985b8590fff244a83c321783",
   "fc45ac412f28501c"],
  ["/workspaces/R1961D_LEAN_VER/R1954DLeanBridge/ToyBridge.lean",
   "3851521d77e6d29b"],
  ["options", "00000000000006bb"],
  ["isModule: false", "feefd2a0d3a1847e"],
  ["Module.name: R1954DLeanBridge.ToyBridge", "c9772b26b332bda2"],
  ["Package.id?: (some R1961DLeanPacket)", "d6847cf02e8cc660"],
  ["Module.leanArgs: #[]", "00000000000006bb"]],
 "depHash": "d2a7b7fdada799b3"}