{"synthetic": false,
 "schemaVersion": "2025-09-10",
 "outputs":
 {"o": ["c36f07e09c629329.olean"],
  "m": false,
  "i": "0bcddc0d3f680813.ilean",
  "c": "4218c1b6d1ac9cd2.c"},
 "log":
 [{"message":
   ".> LEAN_PATH=/workspaces/R1961D_LEAN_VER/.lake/build/lib/lean /home/codespace/.elan/toolchains/leanprover--lean4---v4.31.0/bin/lean /workspaces/R1961D_LEAN_VER/R1954DLeanBridge/VersionBridge.lean -o /workspaces/R1961D_LEAN_VER/.lake/build/lib/lean/R1954DLeanBridge/VersionBridge.olean -i /workspaces/R1961D_LEAN_VER/.lake/build/lib/lean/R1954DLeanBridge/VersionBridge.ilean -c /workspaces/R1961D_LEAN_VER/.lake/build/ir/R1954DLeanBridge/VersionBridge.c --setup /workspaces/R1961D_LEAN_VER/.lake/build/ir/R1954DLeanBridge/VersionBridge.setup.json --json",
   "level": "trace"}],
 "inputs":
 [["R1954DLeanBridge.VersionBridge:deps",
   [["deps",
     [["R1961DLeanPacket/R1954DLeanBridge:extraDep",
       [["@R1961DLeanPacket:extraDep", "00000000000006bb"]]],
      ["imports",
       [["R1952DLeanSupport transitive imports (legacy)", "0bdcfc66c7da801c"],
        ["R1952DLeanSupport:importAllArts", "bc21c67a649d96d8"]]]]],
    ["libs",
     [["import dynlibs", "00000000000006bb"],
      ["package external libraries", "00000000000006bb"],
      ["module dynlibs", "00000000000006bb"],
      ["module plugins", "00000000000006bb"]]]]],
  ["Lean 4.31.0, commit 68218e876d2a38b1985b8590fff244a83c321783",
   "fc45ac412f28501c"],
  ["/workspaces/R1961D_LEAN_VER/R1954DLeanBridge/VersionBridge.lean",
   "c3a18e0a40afdfac"],
  ["options", "00000000000006bb"],
  ["isModule: false", "feefd2a0d3a1847e"],
  ["Module.name: R1954DLeanBridge.VersionBridge", "638ea3aaed44c575"],
  ["Package.id?: (some R1961DLeanPacket)", "d6847cf02e8cc660"],
  ["Module.leanArgs: #[]", "00000000000006bb"]],
 "depHash": "78d06cf56e28fd88"}