{"synthetic": false,
 "schemaVersion": "2025-09-10",
 "outputs":
 {"o": ["979842f7b317a1d8.olean"],
  "m": false,
  "i": "0bd2ae3a9bc43676.ilean",
  "c": "4277a338c190a711.c"},
 "log":
 [{"message":
   ".> LEAN_PATH=/workspaces/R1961D_LEAN_VER/.lake/build/lib/lean /home/codespace/.elan/toolchains/leanprover--lean4---v4.31.0/bin/lean /workspaces/R1961D_LEAN_VER/R1957DLeanCoverage/CoverageCertificates.lean -o /workspaces/R1961D_LEAN_VER/.lake/build/lib/lean/R1957DLeanCoverage/CoverageCertificates.olean -i /workspaces/R1961D_LEAN_VER/.lake/build/lib/lean/R1957DLeanCoverage/CoverageCertificates.ilean -c /workspaces/R1961D_LEAN_VER/.lake/build/ir/R1957DLeanCoverage/CoverageCertificates.c --setup /workspaces/R1961D_LEAN_VER/.lake/build/ir/R1957DLeanCoverage/CoverageCertificates.setup.json --json",
   "level": "trace"}],
 "inputs":
 [["R1957DLeanCoverage.CoverageCertificates:deps",
   [["deps",
     [["R1961DLeanPacket/R1957DLeanCoverage:extraDep",
       [["@R1961DLeanPacket:extraDep", "00000000000006bb"]]],
      ["imports",
       [["R1957DLeanCoverage.VersionCoverage transitive imports (legacy)",
         "aba1383492b6131f"],
        ["R1957DLeanCoverage.VersionCoverage:importAllArts",
         "cfd19576086882c0"],
        ["R1956DLeanInterface transitive imports (legacy)", "802690a5f1b63ac5"],
        ["R1956DLeanInterface:importAllArts", "0534e19e2567980e"],
        ["R1955DLeanScaffold.RefinedBridgeObligations transitive imports (legacy)",
         "2fb7940428b20a61"],
        ["R1955DLeanScaffold.RefinedBridgeObligations:importAllArts",
         "51af1d7f2158b0c6"]]]]],
    ["libs",
     [["import dynlibs", "00000000000006bb"],
      ["package external libraries", "00000000000006bb"],
      ["module dynlibs", "00000000000006bb"],
      ["module plugins", "00000000000006bb"]]]]],
  ["Lean 4.31.0, commit 68218e876d2a38b1985b8590fff244a83c321783",
   "fc45ac412f28501c"],
  ["/workspaces/R1961D_LEAN_VER/R1957DLeanCoverage/CoverageCertificates.lean",
   "399ef95a2bdef07d"],
  ["options", "00000000000006bb"],
  ["isModule: false", "feefd2a0d3a1847e"],
  ["Module.name: R1957DLeanCoverage.CoverageCertificates", "0dccdd212845fb82"],
  ["Package.id?: (some R1961DLeanPacket)", "d6847cf02e8cc660"],
  ["Module.leanArgs: #[]", "00000000000006bb"]],
 "depHash": "0738ddf40ecaf296"}