{"synthetic": false,
 "schemaVersion": "2025-09-10",
 "outputs":
 {"o": ["8301a485443f3901.olean"],
  "m": false,
  "i": "bc4c77b872e4ba79.ilean",
  "c": "1c5bd727550e8c26.c"},
 "log":
 [{"message":
   ".> LEAN_PATH=/workspaces/R1961D_LEAN_VER/.lake/build/lib/lean /home/codespace/.elan/toolchains/leanprover--lean4---v4.31.0/bin/lean /workspaces/R1961D_LEAN_VER/R1957DLeanCoverage/DependencyProfiles.lean -o /workspaces/R1961D_LEAN_VER/.lake/build/lib/lean/R1957DLeanCoverage/DependencyProfiles.olean -i /workspaces/R1961D_LEAN_VER/.lake/build/lib/lean/R1957DLeanCoverage/DependencyProfiles.ilean -c /workspaces/R1961D_LEAN_VER/.lake/build/ir/R1957DLeanCoverage/DependencyProfiles.c --setup /workspaces/R1961D_LEAN_VER/.lake/build/ir/R1957DLeanCoverage/DependencyProfiles.setup.json --json",
   "level": "trace"}],
 "inputs":
 [["R1957DLeanCoverage.DependencyProfiles:deps",
   [["deps",
     [["R1961DLeanPacket/R1957DLeanCoverage:extraDep",
       [["@R1961DLeanPacket:extraDep", "00000000000006bb"]]],
      ["imports",
       [["R1957DLeanCoverage.CoverageCertificates transitive imports (legacy)",
         "ca878c392fa6714b"],
        ["R1957DLeanCoverage.CoverageCertificates:importAllArts",
         "1a4d8b50a48d989f"]]]]],
    ["libs",
     [["import dynlibs", "00000000000006bb"],
      ["package external libraries", "00000000000006bb"],
      ["module dynlibs", "00000000000006bb"],
      ["module plugins", "00000000000006bb"]]]]],
  ["Lean 4.31.0, commit 68218e876d2a38b1985b8590fff244a83c321783",
   "fc45ac412f28501c"],
  ["/workspaces/R1961D_LEAN_VER/R1957DLeanCoverage/DependencyProfiles.lean",
   "9e44cd6a90b3f6c7"],
  ["options", "00000000000006bb"],
  ["isModule: false", "feefd2a0d3a1847e"],
  ["Module.name: R1957DLeanCoverage.DependencyProfiles", "0ef559b6a2e0df9d"],
  ["Package.id?: (some R1961DLeanPacket)", "d6847cf02e8cc660"],
  ["Module.leanArgs: #[]", "00000000000006bb"]],
 "depHash": "ee2019249c0b761d"}