{"synthetic": false,
 "schemaVersion": "2025-09-10",
 "outputs":
 {"o": ["9ea26c8784a5e03f.olean"],
  "m": false,
  "i": "94b7e76d6419446c.ilean",
  "c": "4532c889a9436a95.c"},
 "log":
 [{"message":
   ".> LEAN_PATH=/workspaces/R1961D_LEAN_VER/.lake/build/lib/lean /home/codespace/.elan/toolchains/leanprover--lean4---v4.31.0/bin/lean /workspaces/R1961D_LEAN_VER/R1957DLeanCoverage/NoHiddenAssumptions.lean -o /workspaces/R1961D_LEAN_VER/.lake/build/lib/lean/R1957DLeanCoverage/NoHiddenAssumptions.olean -i /workspaces/R1961D_LEAN_VER/.lake/build/lib/lean/R1957DLeanCoverage/NoHiddenAssumptions.ilean -c /workspaces/R1961D_LEAN_VER/.lake/build/ir/R1957DLeanCoverage/NoHiddenAssumptions.c --setup /workspaces/R1961D_LEAN_VER/.lake/build/ir/R1957DLeanCoverage/NoHiddenAssumptions.setup.json --json",
   "level": "trace"}],
 "inputs":
 [["R1957DLeanCoverage.NoHiddenAssumptions:deps",
   [["deps",
     [["R1961DLeanPacket/R1957DLeanCoverage:extraDep",
       [["@R1961DLeanPacket:extraDep", "00000000000006bb"]]],
      ["imports",
       [["R1957DLeanCoverage.DependencyProfiles transitive imports (legacy)",
         "860fae4e8d289acf"],
        ["R1957DLeanCoverage.DependencyProfiles:importAllArts",
         "f9d8856e1fa6e556"]]]]],
    ["libs",
     [["import dynlibs", "00000000000006bb"],
      ["package external libraries", "00000000000006bb"],
      ["module dynlibs", "00000000000006bb"],
      ["module plugins", "00000000000006bb"]]]]],
  ["Lean 4.31.0, commit 68218e876d2a38b1985b8590fff244a83c321783",
   "fc45ac412f28501c"],
  ["/workspaces/R1961D_LEAN_VER/R1957DLeanCoverage/NoHiddenAssumptions.lean",
   "49ec8eaae81f3d40"],
  ["options", "00000000000006bb"],
  ["isModule: false", "feefd2a0d3a1847e"],
  ["Module.name: R1957DLeanCoverage.NoHiddenAssumptions", "d4fb75c312876e95"],
  ["Package.id?: (some R1961DLeanPacket)", "d6847cf02e8cc660"],
  ["Module.leanArgs: #[]", "00000000000006bb"]],
 "depHash": "2965cd407eb215ad"}