{"synthetic": false,
 "schemaVersion": "2025-09-10",
 "outputs":
 {"o": ["cb8ac24023daafa9.olean"],
  "m": false,
  "i": "57cb2a135152fc39.ilean",
  "c": "2a63275a0492d826.c"},
 "log":
 [{"message":
   ".> LEAN_PATH=/workspaces/R1961D_LEAN_VER/.lake/build/lib/lean /home/codespace/.elan/toolchains/leanprover--lean4---v4.31.0/bin/lean /workspaces/R1961D_LEAN_VER/R1957DLeanCoverage/ToyCoverage.lean -o /workspaces/R1961D_LEAN_VER/.lake/build/lib/lean/R1957DLeanCoverage/ToyCoverage.olean -i /workspaces/R1961D_LEAN_VER/.lake/build/lib/lean/R1957DLeanCoverage/ToyCoverage.ilean -c /workspaces/R1961D_LEAN_VER/.lake/build/ir/R1957DLeanCoverage/ToyCoverage.c --setup /workspaces/R1961D_LEAN_VER/.lake/build/ir/R1957DLeanCoverage/ToyCoverage.setup.json --json",
   "level": "trace"}],
 "inputs":
 [["R1957DLeanCoverage.ToyCoverage:deps",
   [["deps",
     [["R1961DLeanPacket/R1957DLeanCoverage:extraDep",
       [["@R1961DLeanPacket:extraDep", "00000000000006bb"]]],
      ["imports",
       [["R1957DLeanCoverage.NoHiddenAssumptions transitive imports (legacy)",
         "9ab630774bdf804c"],
        ["R1957DLeanCoverage.NoHiddenAssumptions:importAllArts",
         "e822c6715a707602"],
        ["R1956DLeanInterface.ToyInterface transitive imports (legacy)",
         "6d17b8795c4f86e1"],
        ["R1956DLeanInterface.ToyInterface:importAllArts",
         "6c99b2fd5f411325"]]]]],
    ["libs",
     [["import dynlibs", "00000000000006bb"],
      ["package external libraries", "00000000000006bb"],
      ["module dynlibs", "00000000000006bb"],
      ["module plugins", "00000000000006bb"]]]]],
  ["Lean 4.31.0, commit 68218e876d2a38b1985b8590fff244a83c321783",
   "fc45ac412f28501c"],
  ["/workspaces/R1961D_LEAN_VER/R1957DLeanCoverage/ToyCoverage.lean",
   "50d63dbd315c580f"],
  ["options", "00000000000006bb"],
  ["isModule: false", "feefd2a0d3a1847e"],
  ["Module.name: R1957DLeanCoverage.ToyCoverage", "8ff657904b8990d8"],
  ["Package.id?: (some R1961DLeanPacket)", "d6847cf02e8cc660"],
  ["Module.leanArgs: #[]", "00000000000006bb"]],
 "depHash": "3dd3d7e21a3c86fc"}