{"synthetic": false,
 "schemaVersion": "2025-09-10",
 "outputs":
 {"o": ["489942b81d32b073.olean"],
  "m": false,
  "i": "c1cc039a70400c8c.ilean",
  "c": "661754f72d6f5dfd.c"},
 "log":
 [{"message":
   ".> LEAN_PATH=/workspaces/R1961D_LEAN_VER/.lake/build/lib/lean /home/codespace/.elan/toolchains/leanprover--lean4---v4.31.0/bin/lean /workspaces/R1961D_LEAN_VER/R1957DLeanCoverage/VersionCoverage.lean -o /workspaces/R1961D_LEAN_VER/.lake/build/lib/lean/R1957DLeanCoverage/VersionCoverage.olean -i /workspaces/R1961D_LEAN_VER/.lake/build/lib/lean/R1957DLeanCoverage/VersionCoverage.ilean -c /workspaces/R1961D_LEAN_VER/.lake/build/ir/R1957DLeanCoverage/VersionCoverage.c --setup /workspaces/R1961D_LEAN_VER/.lake/build/ir/R1957DLeanCoverage/VersionCoverage.setup.json --json",
   "level": "trace"}],
 "inputs":
 [["R1957DLeanCoverage.VersionCoverage:deps",
   [["deps",
     [["R1961DLeanPacket/R1957DLeanCoverage:extraDep",
       [["@R1961DLeanPacket:extraDep", "00000000000006bb"]]],
      ["imports",
       [["R1956DLeanInterface transitive imports (legacy)", "802690a5f1b63ac5"],
        ["R1956DLeanInterface:importAllArts", "0534e19e2567980e"]]]]],
    ["libs",
     [["import dynlibs", "00000000000006bb"],
      ["package external libraries", "00000000000006bb"],
      ["module dynlibs", "00000000000006bb"],
      ["module plugins", "00000000000006bb"]]]]],
  ["Lean 4.31.0, commit 68218e876d2a38b1985b8590fff244a83c321783",
   "fc45ac412f28501c"],
  ["/workspaces/R1961D_LEAN_VER/R1957DLeanCoverage/VersionCoverage.lean",
   "0b8093dea4a35c8a"],
  ["options", "00000000000006bb"],
  ["isModule: false", "feefd2a0d3a1847e"],
  ["Module.name: R1957DLeanCoverage.VersionCoverage", "873ab155cd5df0a4"],
  ["Package.id?: (some R1961DLeanPacket)", "d6847cf02e8cc660"],
  ["Module.leanArgs: #[]", "00000000000006bb"]],
 "depHash": "16693c14db44cef5"}