{"synthetic": false,
 "schemaVersion": "2025-09-10",
 "outputs":
 {"o": ["a6d40def236bbcdc.olean"],
  "m": false,
  "i": "440f3ce63b5d3583.ilean",
  "c": "68dcd1c49203608f.c"},
 "log":
 [{"message":
   ".> LEAN_PATH=/workspaces/R1961D_LEAN_VER/.lake/build/lib/lean /home/codespace/.elan/toolchains/leanprover--lean4---v4.31.0/bin/lean /workspaces/R1961D_LEAN_VER/R1949DLean.lean -o /workspaces/R1961D_LEAN_VER/.lake/build/lib/lean/R1949DLean.olean -i /workspaces/R1961D_LEAN_VER/.lake/build/lib/lean/R1949DLean.ilean -c /workspaces/R1961D_LEAN_VER/.lake/build/ir/R1949DLean.c --setup /workspaces/R1961D_LEAN_VER/.lake/build/ir/R1949DLean.setup.json --json",
   "level": "trace"}],
 "inputs":
 [["R1949DLean:deps",
   [["deps",
     [["R1961DLeanPacket/R1949DLean:extraDep",
       [["@R1961DLeanPacket:extraDep", "00000000000006bb"]]],
      ["imports",
       [["R1949DLean.Basic transitive imports (legacy)", "00000000000006bb"],
        ["R1949DLean.Basic:importAllArts", "85cb4f56c3130e10"],
        ["R1949DLean.AbelBookkeeping transitive imports (legacy)",
         "80b68dbe58aaaaf8"],
        ["R1949DLean.AbelBookkeeping:importAllArts", "84566cfda4b62665"],
        ["R1949DLean.StructuralLayers transitive imports (legacy)",
         "80b68dbe58aaaaf8"],
        ["R1949DLean.StructuralLayers:importAllArts", "f17aa9144b04c211"],
        ["R1949DLean.TerminalClasses transitive imports (legacy)",
         "80b68dbe58aaaaf8"],
        ["R1949DLean.TerminalClasses:importAllArts", "ab67c5c1c2e07ea2"],
        ["R1949DLean.AssumptionPackages transitive imports (legacy)",
         "8a9686071dffc41e"],
        ["R1949DLean.AssumptionPackages:importAllArts", "cd7608f9d73e471d"],
        ["R1949DLean.DependencyCertificates transitive imports (legacy)",
         "d6bea8773cdca6b0"],
        ["R1949DLean.DependencyCertificates:importAllArts", "c9e445c4f4d82e6c"],
        ["R1949DLean.FiniteToAbelChain transitive imports (legacy)",
         "d6bea8773cdca6b0"],
        ["R1949DLean.FiniteToAbelChain:importAllArts", "31808be38fba152c"],
        ["R1949DLean.StructuralSupportChain transitive imports (legacy)",
         "d6bea8773cdca6b0"],
        ["R1949DLean.StructuralSupportChain:importAllArts", "8099b43b505a3722"],
        ["R1949DLean.TerminalRigidityChain transitive imports (legacy)",
         "d6bea8773cdca6b0"],
        ["R1949DLean.TerminalRigidityChain:importAllArts", "f34a21f98c63d085"],
        ["R1949DLean.MainLogicalChain transitive imports (legacy)",
         "b26688109a12237e"],
        ["R1949DLean.MainLogicalChain:importAllArts", "c937408c03aba116"],
        ["R1949DLean.ProofObligationMap transitive imports (legacy)",
         "831498a52d6f7119"],
        ["R1949DLean.ProofObligationMap:importAllArts", "0a6de161c6a0acb0"],
        ["R1949DLean.ToyModel transitive imports (legacy)", "67d24316195b0994"],
        ["R1949DLean.ToyModel:importAllArts", "33851540f7fa9a9b"]]]]],
    ["libs",
     [["import dynlibs", "00000000000006bb"],
      ["package external libraries", "00000000000006bb"],
      ["module dynlibs", "00000000000006bb"],
      ["module plugins", "00000000000006bb"]]]]],
  ["Lean 4.31.0, commit 68218e876d2a38b1985b8590fff244a83c321783",
   "fc45ac412f28501c"],
  ["/workspaces/R1961D_LEAN_VER/R1949DLean.lean", "6dafdad4306295b9"],
  ["options", "00000000000006bb"],
  ["isModule: false", "feefd2a0d3a1847e"],
  ["Module.name: R1949DLean", "ad21a7ed10883c1d"],
  ["Package.id?: (some R1961DLeanPacket)", "d6847cf02e8cc660"],
  ["Module.leanArgs: #[]", "00000000000006bb"]],
 "depHash": "4108a1524a019101"}