{"synthetic": false,
 "schemaVersion": "2025-09-10",
 "outputs":
 {"o": ["f96db5d7afe387b9.olean"],
  "m": false,
  "i": "a3a217f13aa17387.ilean",
  "c": "cdc8738e1ab38591.c"},
 "log":
 [{"message":
   ".> LEAN_PATH=/workspaces/R1961D_LEAN_VER/.lake/build/lib/lean /home/codespace/.elan/toolchains/leanprover--lean4---v4.31.0/bin/lean /workspaces/R1961D_LEAN_VER/R1957DLeanCoverage.lean -o /workspaces/R1961D_LEAN_VER/.lake/build/lib/lean/R1957DLeanCoverage.olean -i /workspaces/R1961D_LEAN_VER/.lake/build/lib/lean/R1957DLeanCoverage.ilean -c /workspaces/R1961D_LEAN_VER/.lake/build/ir/R1957DLeanCoverage.c --setup /workspaces/R1961D_LEAN_VER/.lake/build/ir/R1957DLeanCoverage.setup.json --json",
   "level": "trace"}],
 "inputs":
 [["R1957DLeanCoverage:deps",
   [["deps",
     [["R1961DLeanPacket/R1957DLeanCoverage:extraDep",
       [["@R1961DLeanPacket:extraDep", "00000000000006bb"]]],
      ["imports",
       [["R1957DLeanCoverage.VersionCoverage transitive imports (legacy)",
         "aba1383492b6131f"],
        ["R1957DLeanCoverage.VersionCoverage:importAllArts",
         "cfd19576086882c0"],
        ["R1957DLeanCoverage.CoverageCertificates transitive imports (legacy)",
         "ca878c392fa6714b"],
        ["R1957DLeanCoverage.CoverageCertificates:importAllArts",
         "1a4d8b50a48d989f"],
        ["R1957DLeanCoverage.DependencyProfiles transitive imports (legacy)",
         "860fae4e8d289acf"],
        ["R1957DLeanCoverage.DependencyProfiles:importAllArts",
         "f9d8856e1fa6e556"],
        ["R1957DLeanCoverage.NoHiddenAssumptions transitive imports (legacy)",
         "9ab630774bdf804c"],
        ["R1957DLeanCoverage.NoHiddenAssumptions:importAllArts",
         "e822c6715a707602"],
        ["R1957DLeanCoverage.ToyCoverage transitive imports (legacy)",
         "07743998d7dcb426"],
        ["R1957DLeanCoverage.ToyCoverage:importAllArts",
         "69ce9f425db49840"]]]]],
    ["libs",
     [["import dynlibs", "00000000000006bb"],
      ["package external libraries", "00000000000006bb"],
      ["module dynlibs", "00000000000006bb"],
      ["module plugins", "00000000000006bb"]]]]],
  ["Lean 4.31.0, commit 68218e876d2a38b1985b8590fff244a83c321783",
   "fc45ac412f28501c"],
  ["/workspaces/R1961D_LEAN_VER/R1957DLeanCoverage.lean", "294fa648db7bb068"],
  ["options", "00000000000006bb"],
  ["isModule: false", "feefd2a0d3a1847e"],
  ["Module.name: R1957DLeanCoverage", "bec81e3a926b9c08"],
  ["Package.id?: (some R1961DLeanPacket)", "d6847cf02e8cc660"],
  ["Module.leanArgs: #[]", "00000000000006bb"]],
 "depHash": "18fc945ce8feb721"}