{"synthetic": false,
 "schemaVersion": "2025-09-10",
 "outputs":
 {"o": ["146c00d4a539e4b5.olean"],
  "m": false,
  "i": "df25ad372e1a6806.ilean",
  "c": "6f86736955a2c4d5.c"},
 "log":
 [{"message":
   ".> LEAN_PATH=/workspaces/R1961D_LEAN_VER/.lake/build/lib/lean /home/codespace/.elan/toolchains/leanprover--lean4---v4.31.0/bin/lean /workspaces/R1961D_LEAN_VER/R1958DLeanAudit.lean -o /workspaces/R1961D_LEAN_VER/.lake/build/lib/lean/R1958DLeanAudit.olean -i /workspaces/R1961D_LEAN_VER/.lake/build/lib/lean/R1958DLeanAudit.ilean -c /workspaces/R1961D_LEAN_VER/.lake/build/ir/R1958DLeanAudit.c --setup /workspaces/R1961D_LEAN_VER/.lake/build/ir/R1958DLeanAudit.setup.json --json",
   "level": "trace"}],
 "inputs":
 [["R1958DLeanAudit:deps",
   [["deps",
     [["R1961DLeanPacket/R1958DLeanAudit:extraDep",
       [["@R1961DLeanPacket:extraDep", "00000000000006bb"]]],
      ["imports",
       [["R1958DLeanAudit.VersionAudit transitive imports (legacy)",
         "ddcccba2975f8bfc"],
        ["R1958DLeanAudit.VersionAudit:importAllArts", "e6e6d08be2b08f1e"],
        ["R1958DLeanAudit.AuditLedgers transitive imports (legacy)",
         "e4b527e89afadc03"],
        ["R1958DLeanAudit.AuditLedgers:importAllArts", "82a817128572e49b"],
        ["R1958DLeanAudit.NoOrphanCertificates transitive imports (legacy)",
         "1598f31790bebab2"],
        ["R1958DLeanAudit.NoOrphanCertificates:importAllArts",
         "3975d84a89a81f1c"],
        ["R1958DLeanAudit.NonClaimCertificates transitive imports (legacy)",
         "760b24530f21558f"],
        ["R1958DLeanAudit.NonClaimCertificates:importAllArts",
         "7c336120e1469042"],
        ["R1958DLeanAudit.ToyAudit transitive imports (legacy)",
         "aeb09f7852b5c706"],
        ["R1958DLeanAudit.ToyAudit:importAllArts", "1288d0f93e306799"]]]]],
    ["libs",
     [["import dynlibs", "00000000000006bb"],
      ["package external libraries", "00000000000006bb"],
      ["module dynlibs", "00000000000006bb"],
      ["module plugins", "00000000000006bb"]]]]],
  ["Lean 4.31.0, commit 68218e876d2a38b1985b8590fff244a83c321783",
   "fc45ac412f28501c"],
  ["/workspaces/R1961D_LEAN_VER/R1958DLeanAudit.lean", "3f81f76d65b3c8bd"],
  ["options", "00000000000006bb"],
  ["isModule: false", "feefd2a0d3a1847e"],
  ["Module.name: R1958DLeanAudit", "7339c0bda49c87f1"],
  ["Package.id?: (some R1961DLeanPacket)", "d6847cf02e8cc660"],
  ["Module.leanArgs: #[]", "00000000000006bb"]],
 "depHash": "49a7c4e4ca67204e"}