{"synthetic": false,
 "schemaVersion": "2025-09-10",
 "outputs":
 {"o": ["91a5758ebf2a70e3.olean"],
  "m": false,
  "i": "e4e7e08616fae3d7.ilean",
  "c": "5f63a89b09bd4004.c"},
 "log":
 [{"message":
   ".> LEAN_PATH=/workspaces/R1961D_LEAN_VER/.lake/build/lib/lean /home/codespace/.elan/toolchains/leanprover--lean4---v4.31.0/bin/lean /workspaces/R1961D_LEAN_VER/R1959DLeanTransfer.lean -o /workspaces/R1961D_LEAN_VER/.lake/build/lib/lean/R1959DLeanTransfer.olean -i /workspaces/R1961D_LEAN_VER/.lake/build/lib/lean/R1959DLeanTransfer.ilean -c /workspaces/R1961D_LEAN_VER/.lake/build/ir/R1959DLeanTransfer.c --setup /workspaces/R1961D_LEAN_VER/.lake/build/ir/R1959DLeanTransfer.setup.json --json",
   "level": "trace"}],
 "inputs":
 [["R1959DLeanTransfer:deps",
   [["deps",
     [["R1961DLeanPacket/R1959DLeanTransfer:extraDep",
       [["@R1961DLeanPacket:extraDep", "00000000000006bb"]]],
      ["imports",
       [["R1959DLeanTransfer.VersionTransfer transitive imports (legacy)",
         "41f6cf25f76b5e37"],
        ["R1959DLeanTransfer.VersionTransfer:importAllArts",
         "9f9a286771de60a0"],
        ["R1959DLeanTransfer.SameScaleTransfer transitive imports (legacy)",
         "578bfb3d513264a1"],
        ["R1959DLeanTransfer.SameScaleTransfer:importAllArts",
         "32251e88960054eb"],
        ["R1959DLeanTransfer.FiniteToAbelTransfer transitive imports (legacy)",
         "d901e28facfbddb8"],
        ["R1959DLeanTransfer.FiniteToAbelTransfer:importAllArts",
         "3ef609b3a984322c"],
        ["R1959DLeanTransfer.TransferCertificates transitive imports (legacy)",
         "3594c0907940278e"],
        ["R1959DLeanTransfer.TransferCertificates:importAllArts",
         "6074a42ba499d7b5"],
        ["R1959DLeanTransfer.ToyTransfer transitive imports (legacy)",
         "41f6cf25f76b5e37"],
        ["R1959DLeanTransfer.ToyTransfer:importAllArts",
         "244936cf940785c5"]]]]],
    ["libs",
     [["import dynlibs", "00000000000006bb"],
      ["package external libraries", "00000000000006bb"],
      ["module dynlibs", "00000000000006bb"],
      ["module plugins", "00000000000006bb"]]]]],
  ["Lean 4.31.0, commit 68218e876d2a38b1985b8590fff244a83c321783",
   "fc45ac412f28501c"],
  ["/workspaces/R1961D_LEAN_VER/R1959DLeanTransfer.lean", "67b6f967115836e0"],
  ["options", "00000000000006bb"],
  ["isModule: false", "feefd2a0d3a1847e"],
  ["Module.name: R1959DLeanTransfer", "fc5501dfabe79185"],
  ["Package.id?: (some R1961DLeanPacket)", "d6847cf02e8cc660"],
  ["Module.leanArgs: #[]", "00000000000006bb"]],
 "depHash": "d9d3e1b5f47873b5"}