{"synthetic": false,
 "schemaVersion": "2025-09-10",
 "outputs":
 {"o": ["be49e9b90ca1cf54.olean"],
  "m": false,
  "i": "009f446af7cb0405.ilean",
  "c": "c8a305815a03484b.c"},
 "log":
 [{"message":
   ".> LEAN_PATH=/workspaces/R1961D_LEAN_VER/.lake/build/lib/lean /home/codespace/.elan/toolchains/leanprover--lean4---v4.31.0/bin/lean /workspaces/R1961D_LEAN_VER/R1954DLeanBridge.lean -o /workspaces/R1961D_LEAN_VER/.lake/build/lib/lean/R1954DLeanBridge.olean -i /workspaces/R1961D_LEAN_VER/.lake/build/lib/lean/R1954DLeanBridge.ilean -c /workspaces/R1961D_LEAN_VER/.lake/build/ir/R1954DLeanBridge.c --setup /workspaces/R1961D_LEAN_VER/.lake/build/ir/R1954DLeanBridge.setup.json --json",
   "level": "trace"}],
 "inputs":
 [["R1954DLeanBridge:deps",
   [["deps",
     [["R1961DLeanPacket/R1954DLeanBridge:extraDep",
       [["@R1961DLeanPacket:extraDep", "00000000000006bb"]]],
      ["imports",
       [["R1954DLeanBridge.VersionBridge transitive imports (legacy)",
         "91bfed82195a77c6"],
        ["R1954DLeanBridge.VersionBridge:importAllArts", "ebc4f39b7914f3bc"],
        ["R1954DLeanBridge.StandardTargets transitive imports (legacy)",
         "417a5af88aae9ab7"],
        ["R1954DLeanBridge.StandardTargets:importAllArts", "b42e25242717979a"],
        ["R1954DLeanBridge.ManuscriptObjects transitive imports (legacy)",
         "672c546f666a9a77"],
        ["R1954DLeanBridge.ManuscriptObjects:importAllArts",
         "ad2cc9484e1e4690"],
        ["R1954DLeanBridge.BridgeObligations transitive imports (legacy)",
         "9591773bf65b91bb"],
        ["R1954DLeanBridge.BridgeObligations:importAllArts",
         "236903aaaed24b05"],
        ["R1954DLeanBridge.BridgeTheorems transitive imports (legacy)",
         "ca50733d9167b365"],
        ["R1954DLeanBridge.BridgeTheorems:importAllArts", "bccc65347ede3e8c"],
        ["R1954DLeanBridge.ToyBridge transitive imports (legacy)",
         "c7436b0bf51f2410"],
        ["R1954DLeanBridge.ToyBridge:importAllArts", "bbf0958cff03b275"]]]]],
    ["libs",
     [["import dynlibs", "00000000000006bb"],
      ["package external libraries", "00000000000006bb"],
      ["module dynlibs", "00000000000006bb"],
      ["module plugins", "00000000000006bb"]]]]],
  ["Lean 4.31.0, commit 68218e876d2a38b1985b8590fff244a83c321783",
   "fc45ac412f28501c"],
  ["/workspaces/R1961D_LEAN_VER/R1954DLeanBridge.lean", "1264900db00f088d"],
  ["options", "00000000000006bb"],
  ["isModule: false", "feefd2a0d3a1847e"],
  ["Module.name: R1954DLeanBridge", "d192fd3e83fe2521"],
  ["Package.id?: (some R1961DLeanPacket)", "d6847cf02e8cc660"],
  ["Module.leanArgs: #[]", "00000000000006bb"]],
 "depHash": "acd23ffc36ae8e65"}