{"synthetic": false,
 "schemaVersion": "2025-09-10",
 "outputs":
 {"o": ["c6719385b56a1431.olean"],
  "m": false,
  "i": "5c9951ad35a74dc8.ilean",
  "c": "58265ddcdcf7dd06.c"},
 "log":
 [{"message":
   ".> LEAN_PATH=/workspaces/R1961D_LEAN_VER/.lake/build/lib/lean /home/codespace/.elan/toolchains/leanprover--lean4---v4.31.0/bin/lean /workspaces/R1961D_LEAN_VER/R1956DLeanInterface.lean -o /workspaces/R1961D_LEAN_VER/.lake/build/lib/lean/R1956DLeanInterface.olean -i /workspaces/R1961D_LEAN_VER/.lake/build/lib/lean/R1956DLeanInterface.ilean -c /workspaces/R1961D_LEAN_VER/.lake/build/ir/R1956DLeanInterface.c --setup /workspaces/R1961D_LEAN_VER/.lake/build/ir/R1956DLeanInterface.setup.json --json",
   "level": "trace"}],
 "inputs":
 [["R1956DLeanInterface:deps",
   [["deps",
     [["R1961DLeanPacket/R1956DLeanInterface:extraDep",
       [["@R1961DLeanPacket:extraDep", "00000000000006bb"]]],
      ["imports",
       [["R1956DLeanInterface.VersionInterface transitive imports (legacy)",
         "a93d6875b9f2105c"],
        ["R1956DLeanInterface.VersionInterface:importAllArts",
         "306a0223ca952681"],
        ["R1956DLeanInterface.AnalyticInterfaces transitive imports (legacy)",
         "48e49552035e50e6"],
        ["R1956DLeanInterface.AnalyticInterfaces:importAllArts",
         "d66094d0819a169e"],
        ["R1956DLeanInterface.EstimateSlots transitive imports (legacy)",
         "e696c6755f742eff"],
        ["R1956DLeanInterface.EstimateSlots:importAllArts", "64b05a40a91e92dc"],
        ["R1956DLeanInterface.MathlibAnchors transitive imports (legacy)",
         "aec003c4f37cf657"],
        ["R1956DLeanInterface.MathlibAnchors:importAllArts",
         "8caadb0108fa5d4d"],
        ["R1956DLeanInterface.InterfaceObligations transitive imports (legacy)",
         "c0e51756e3520be1"],
        ["R1956DLeanInterface.InterfaceObligations:importAllArts",
         "2d3e72f167da8086"],
        ["R1956DLeanInterface.InterfaceAxioms transitive imports (legacy)",
         "0dfa85861ea127b6"],
        ["R1956DLeanInterface.InterfaceAxioms:importAllArts",
         "cb2e5b3a4788590b"],
        ["R1956DLeanInterface.InterfaceTheorems transitive imports (legacy)",
         "ded561490acbe2e1"],
        ["R1956DLeanInterface.InterfaceTheorems:importAllArts",
         "80fc62f89291ae77"],
        ["R1956DLeanInterface.ToyInterface transitive imports (legacy)",
         "6d17b8795c4f86e1"],
        ["R1956DLeanInterface.ToyInterface:importAllArts",
         "6c99b2fd5f411325"]]]]],
    ["libs",
     [["import dynlibs", "00000000000006bb"],
      ["package external libraries", "00000000000006bb"],
      ["module dynlibs", "00000000000006bb"],
      ["module plugins", "00000000000006bb"]]]]],
  ["Lean 4.31.0, commit 68218e876d2a38b1985b8590fff244a83c321783",
   "fc45ac412f28501c"],
  ["/workspaces/R1961D_LEAN_VER/R1956DLeanInterface.lean", "641d4bbb4dba10a7"],
  ["options", "00000000000006bb"],
  ["isModule: false", "feefd2a0d3a1847e"],
  ["Module.name: R1956DLeanInterface", "228aeed71fce7825"],
  ["Package.id?: (some R1961DLeanPacket)", "d6847cf02e8cc660"],
  ["Module.leanArgs: #[]", "00000000000006bb"]],
 "depHash": "375417bcb463a29c"}