{"synthetic": false,
 "schemaVersion": "2025-09-10",
 "outputs":
 {"o": ["4bd252c12b8c408f.olean"],
  "m": false,
  "i": "b1e7f1ba1db1a034.ilean",
  "c": "9ce41facbc11a4fb.c"},
 "log":
 [{"message":
   ".> LEAN_PATH=/workspaces/R1961D_LEAN_VER/.lake/build/lib/lean /home/codespace/.elan/toolchains/leanprover--lean4---v4.31.0/bin/lean /workspaces/R1961D_LEAN_VER/R1955DLeanScaffold.lean -o /workspaces/R1961D_LEAN_VER/.lake/build/lib/lean/R1955DLeanScaffold.olean -i /workspaces/R1961D_LEAN_VER/.lake/build/lib/lean/R1955DLeanScaffold.ilean -c /workspaces/R1961D_LEAN_VER/.lake/build/ir/R1955DLeanScaffold.c --setup /workspaces/R1961D_LEAN_VER/.lake/build/ir/R1955DLeanScaffold.setup.json --json",
   "level": "trace"}],
 "inputs":
 [["R1955DLeanScaffold:deps",
   [["deps",
     [["R1961DLeanPacket/R1955DLeanScaffold:extraDep",
       [["@R1961DLeanPacket:extraDep", "00000000000006bb"]]],
      ["imports",
       [["R1955DLeanScaffold.VersionScaffold transitive imports (legacy)",
         "9f65775468625305"],
        ["R1955DLeanScaffold.VersionScaffold:importAllArts",
         "324497ffcfba62e7"],
        ["R1955DLeanScaffold.SemiConcreteTargets transitive imports (legacy)",
         "0f0103960fc158ea"],
        ["R1955DLeanScaffold.SemiConcreteTargets:importAllArts",
         "062b85b00107dabb"],
        ["R1955DLeanScaffold.ManuscriptScaffolds transitive imports (legacy)",
         "7292241e468ba2eb"],
        ["R1955DLeanScaffold.ManuscriptScaffolds:importAllArts",
         "ccb6f9daa487baed"],
        ["R1955DLeanScaffold.RefinedBridgeObligations transitive imports (legacy)",
         "2fb7940428b20a61"],
        ["R1955DLeanScaffold.RefinedBridgeObligations:importAllArts",
         "51af1d7f2158b0c6"],
        ["R1955DLeanScaffold.RefinedBridgeAxioms transitive imports (legacy)",
         "c5eb699efef19e2a"],
        ["R1955DLeanScaffold.RefinedBridgeAxioms:importAllArts",
         "27e343a7e3c327d1"],
        ["R1955DLeanScaffold.RefinedBridgeTheorems transitive imports (legacy)",
         "2ff9f73a904ccba3"],
        ["R1955DLeanScaffold.RefinedBridgeTheorems:importAllArts",
         "3085a26a3f6333df"],
        ["R1955DLeanScaffold.ToyScaffold transitive imports (legacy)",
         "0b298bd5ca57b87c"],
        ["R1955DLeanScaffold.ToyScaffold:importAllArts",
         "46799c15ea272d5f"]]]]],
    ["libs",
     [["import dynlibs", "00000000000006bb"],
      ["package external libraries", "00000000000006bb"],
      ["module dynlibs", "00000000000006bb"],
      ["module plugins", "00000000000006bb"]]]]],
  ["Lean 4.31.0, commit 68218e876d2a38b1985b8590fff244a83c321783",
   "fc45ac412f28501c"],
  ["/workspaces/R1961D_LEAN_VER/R1955DLeanScaffold.lean", "466d951503aed65a"],
  ["options", "00000000000006bb"],
  ["isModule: false", "feefd2a0d3a1847e"],
  ["Module.name: R1955DLeanScaffold", "b9ce80b474dfbbff"],
  ["Package.id?: (some R1961DLeanPacket)", "d6847cf02e8cc660"],
  ["Module.leanArgs: #[]", "00000000000006bb"]],
 "depHash": "6dcadf4e2df833e9"}