{"synthetic": false,
 "schemaVersion": "2025-09-10",
 "outputs":
 {"o": ["ec944d5cb6daf822.olean"],
  "m": false,
  "i": "76c016edb99d337e.ilean",
  "c": "33666cd606a3d260.c"},
 "log":
 [{"message":
   ".> LEAN_PATH=/workspaces/R1961D_LEAN_VER/.lake/build/lib/lean /home/codespace/.elan/toolchains/leanprover--lean4---v4.31.0/bin/lean /workspaces/R1961D_LEAN_VER/R1952DLeanSupport.lean -o /workspaces/R1961D_LEAN_VER/.lake/build/lib/lean/R1952DLeanSupport.olean -i /workspaces/R1961D_LEAN_VER/.lake/build/lib/lean/R1952DLeanSupport.ilean -c /workspaces/R1961D_LEAN_VER/.lake/build/ir/R1952DLeanSupport.c --setup /workspaces/R1961D_LEAN_VER/.lake/build/ir/R1952DLeanSupport.setup.json --json",
   "level": "trace"}],
 "inputs":
 [["R1952DLeanSupport:deps",
   [["deps",
     [["R1961DLeanPacket/R1952DLeanSupport:extraDep",
       [["@R1961DLeanPacket:extraDep", "00000000000006bb"]]],
      ["imports",
       [["R1952DLeanSupport.VersionMap transitive imports (legacy)",
         "f6be6bcdebc4ba3f"],
        ["R1952DLeanSupport.VersionMap:importAllArts", "d55e0072776a92c2"],
        ["R1952DLeanSupport.SupportTheorems transitive imports (legacy)",
         "fb59992071f6f22a"],
        ["R1952DLeanSupport.SupportTheorems:importAllArts", "efe9bcb9daf4eb99"],
        ["R1952DLeanSupport.ProfileCoverage transitive imports (legacy)",
         "339bc48072d16c08"],
        ["R1952DLeanSupport.ProfileCoverage:importAllArts", "54edc234ae83eb1f"],
        ["R1952DLeanSupport.ObligationFieldBindings transitive imports (legacy)",
         "3e9176e0bc364774"],
        ["R1952DLeanSupport.ObligationFieldBindings:importAllArts",
         "930f87149ea5d34e"],
        ["R1952DLeanSupport.ToySupport transitive imports (legacy)",
         "350991c5e195adf7"],
        ["R1952DLeanSupport.ToySupport:importAllArts", "6c4065a2b0aea3e7"]]]]],
    ["libs",
     [["import dynlibs", "00000000000006bb"],
      ["package external libraries", "00000000000006bb"],
      ["module dynlibs", "00000000000006bb"],
      ["module plugins", "00000000000006bb"]]]]],
  ["Lean 4.31.0, commit 68218e876d2a38b1985b8590fff244a83c321783",
   "fc45ac412f28501c"],
  ["/workspaces/R1961D_LEAN_VER/R1952DLeanSupport.lean", "3d4f7aff394570b2"],
  ["options", "00000000000006bb"],
  ["isModule: false", "feefd2a0d3a1847e"],
  ["Module.name: R1952DLeanSupport", "0b1677b9dd652052"],
  ["Package.id?: (some R1961DLeanPacket)", "d6847cf02e8cc660"],
  ["Module.leanArgs: #[]", "00000000000006bb"]],
 "depHash": "2258566ec42dbe13"}