{"synthetic": false,
 "schemaVersion": "2025-09-10",
 "outputs":
 {"o": ["25f1e2c56b8eec51.olean"],
  "m": false,
  "i": "ced884ad7f0b8caf.ilean",
  "c": "53e5e63a6fbc68c2.c"},
 "log":
 [{"message":
   ".> LEAN_PATH=/workspaces/R1961D_LEAN_VER/.lake/build/lib/lean /home/codespace/.elan/toolchains/leanprover--lean4---v4.31.0/bin/lean /workspaces/R1961D_LEAN_VER/R1960DLeanLimit.lean -o /workspaces/R1961D_LEAN_VER/.lake/build/lib/lean/R1960DLeanLimit.olean -i /workspaces/R1961D_LEAN_VER/.lake/build/lib/lean/R1960DLeanLimit.ilean -c /workspaces/R1961D_LEAN_VER/.lake/build/ir/R1960DLeanLimit.c --setup /workspaces/R1961D_LEAN_VER/.lake/build/ir/R1960DLeanLimit.setup.json --json",
   "level": "trace"}],
 "inputs":
 [["R1960DLeanLimit:deps",
   [["deps",
     [["R1961DLeanPacket/R1960DLeanLimit:extraDep",
       [["@R1961DLeanPacket:extraDep", "00000000000006bb"]]],
      ["imports",
       [["R1960DLeanLimit.VersionLimit transitive imports (legacy)",
         "980eb51279650a52"],
        ["R1960DLeanLimit.VersionLimit:importAllArts", "ddc615d7e59de65b"],
        ["R1960DLeanLimit.BoundaryLimitSystem transitive imports (legacy)",
         "05f77b5e68890db6"],
        ["R1960DLeanLimit.BoundaryLimitSystem:importAllArts",
         "b8a9507558ab9a45"],
        ["R1960DLeanLimit.AbelBoundaryTransfer transitive imports (legacy)",
         "12cf135225078943"],
        ["R1960DLeanLimit.AbelBoundaryTransfer:importAllArts",
         "b2d5cb86d17bc5dc"],
        ["R1960DLeanLimit.LimitPassageCertificates transitive imports (legacy)",
         "8a10c9a63b66d4b6"],
        ["R1960DLeanLimit.LimitPassageCertificates:importAllArts",
         "d000dac87882776f"],
        ["R1960DLeanLimit.ToyLimitPassage transitive imports (legacy)",
         "980eb51279650a52"],
        ["R1960DLeanLimit.ToyLimitPassage:importAllArts",
         "56c0ecb1223508a3"]]]]],
    ["libs",
     [["import dynlibs", "00000000000006bb"],
      ["package external libraries", "00000000000006bb"],
      ["module dynlibs", "00000000000006bb"],
      ["module plugins", "00000000000006bb"]]]]],
  ["Lean 4.31.0, commit 68218e876d2a38b1985b8590fff244a83c321783",
   "fc45ac412f28501c"],
  ["/workspaces/R1961D_LEAN_VER/R1960DLeanLimit.lean", "3cf08ce487206c1a"],
  ["options", "00000000000006bb"],
  ["isModule: false", "feefd2a0d3a1847e"],
  ["Module.name: R1960DLeanLimit", "552b85d58dfee02f"],
  ["Package.id?: (some R1961DLeanPacket)", "d6847cf02e8cc660"],
  ["Module.leanArgs: #[]", "00000000000006bb"]],
 "depHash": "d6de924a5e03dbdc"}