{"synthetic": false,
 "schemaVersion": "2025-09-10",
 "outputs":
 {"o": ["94f275951cdd9b94.olean"],
  "m": false,
  "i": "e41e3b7e25f2e631.ilean",
  "c": "ed73c374b73074a3.c"},
 "log":
 [{"message":
   ".> LEAN_PATH=/workspaces/R1961D_LEAN_VER/.lake/build/lib/lean /home/codespace/.elan/toolchains/leanprover--lean4---v4.31.0/bin/lean /workspaces/R1961D_LEAN_VER/R1961DLeanPacket.lean -o /workspaces/R1961D_LEAN_VER/.lake/build/lib/lean/R1961DLeanPacket.olean -i /workspaces/R1961D_LEAN_VER/.lake/build/lib/lean/R1961DLeanPacket.ilean -c /workspaces/R1961D_LEAN_VER/.lake/build/ir/R1961DLeanPacket.c --setup /workspaces/R1961D_LEAN_VER/.lake/build/ir/R1961DLeanPacket.setup.json --json",
   "level": "trace"}],
 "inputs":
 [["R1961DLeanPacket:deps",
   [["deps",
     [["R1961DLeanPacket/R1961DLeanPacket:extraDep",
       [["@R1961DLeanPacket:extraDep", "00000000000006bb"]]],
      ["imports",
       [["R1961DLeanPacket.VersionPacket transitive imports (legacy)",
         "27d7f146cf904b6b"],
        ["R1961DLeanPacket.VersionPacket:importAllArts", "893b0b1e8c63cf2d"],
        ["R1961DLeanPacket.PacketBalanceSystem transitive imports (legacy)",
         "88bb27f527736bc3"],
        ["R1961DLeanPacket.PacketBalanceSystem:importAllArts",
         "b14929b0691b4aa6"],
        ["R1961DLeanPacket.ExplicitPacketTransfer transitive imports (legacy)",
         "11bf2545b295d6cd"],
        ["R1961DLeanPacket.ExplicitPacketTransfer:importAllArts",
         "0413e85bf924f8d7"],
        ["R1961DLeanPacket.PacketBalanceCertificates transitive imports (legacy)",
         "3821c97c80f41a7e"],
        ["R1961DLeanPacket.PacketBalanceCertificates:importAllArts",
         "c37cfec34a144f6a"],
        ["R1961DLeanPacket.ToyPacketBalance transitive imports (legacy)",
         "b488efd46de587b3"],
        ["R1961DLeanPacket.ToyPacketBalance:importAllArts",
         "52ee1a7792405fc5"]]]]],
    ["libs",
     [["import dynlibs", "00000000000006bb"],
      ["package external libraries", "00000000000006bb"],
      ["module dynlibs", "00000000000006bb"],
      ["module plugins", "00000000000006bb"]]]]],
  ["Lean 4.31.0, commit 68218e876d2a38b1985b8590fff244a83c321783",
   "fc45ac412f28501c"],
  ["/workspaces/R1961D_LEAN_VER/R1961DLeanPacket.lean", "4c8a45f17ed77202"],
  ["options", "00000000000006bb"],
  ["isModule: false", "feefd2a0d3a1847e"],
  ["Module.name: R1961DLeanPacket", "44e318f904f1c3eb"],
  ["Package.id?: (some R1961DLeanPacket)", "d6847cf02e8cc660"],
  ["Module.leanArgs: #[]", "00000000000006bb"]],
 "depHash": "886d11f7b6304151"}