{"synthetic": false,
 "schemaVersion": "2025-09-10",
 "outputs":
 {"o": ["2dd67df9ded68760.olean"],
  "m": false,
  "i": "5c13cf1c78501462.ilean",
  "c": "dfce5ca1ec1bc602.c"},
 "log":
 [{"message":
   ".> LEAN_PATH=/workspaces/R1961D_LEAN_VER/.lake/build/lib/lean /home/codespace/.elan/toolchains/leanprover--lean4---v4.31.0/bin/lean /workspaces/R1961D_LEAN_VER/R1956DLeanInterface/AnalyticInterfaces.lean -o /workspaces/R1961D_LEAN_VER/.lake/build/lib/lean/R1956DLeanInterface/AnalyticInterfaces.olean -i /workspaces/R1961D_LEAN_VER/.lake/build/lib/lean/R1956DLeanInterface/AnalyticInterfaces.ilean -c /workspaces/R1961D_LEAN_VER/.lake/build/ir/R1956DLeanInterface/AnalyticInterfaces.c --setup /workspaces/R1961D_LEAN_VER/.lake/build/ir/R1956DLeanInterface/AnalyticInterfaces.setup.json --json",
   "level": "trace"}],
 "inputs":
 [["R1956DLeanInterface.AnalyticInterfaces:deps",
   [["deps",
     [["R1961DLeanPacket/R1956DLeanInterface:extraDep",
       [["@R1961DLeanPacket:extraDep", "00000000000006bb"]]],
      ["imports",
       [["R1956DLeanInterface.VersionInterface transitive imports (legacy)",
         "a93d6875b9f2105c"],
        ["R1956DLeanInterface.VersionInterface:importAllArts",
         "306a0223ca952681"]]]]],
    ["libs",
     [["import dynlibs", "00000000000006bb"],
      ["package external libraries", "00000000000006bb"],
      ["module dynlibs", "00000000000006bb"],
      ["module plugins", "00000000000006bb"]]]]],
  ["Lean 4.31.0, commit 68218e876d2a38b1985b8590fff244a83c321783",
   "fc45ac412f28501c"],
  ["/workspaces/R1961D_LEAN_VER/R1956DLeanInterface/AnalyticInterfaces.lean",
   "910be786cbfa6c3b"],
  ["options", "00000000000006bb"],
  ["isModule: false", "feefd2a0d3a1847e"],
  ["Module.name: R1956DLeanInterface.AnalyticInterfaces", "eaad86cac0ed439b"],
  ["Package.id?: (some R1961DLeanPacket)", "d6847cf02e8cc660"],
  ["Module.leanArgs: #[]", "00000000000006bb"]],
 "depHash": "91dcc39162def1d7"}