{"synthetic": false,
 "schemaVersion": "2025-09-10",
 "outputs":
 {"o": ["0d40672ce18c7f5c.olean"],
  "m": false,
  "i": "2279e2fdf73e7d34.ilean",
  "c": "f0014f438d0d128b.c"},
 "log":
 [{"message":
   ".> LEAN_PATH=/workspaces/R1961D_LEAN_VER/.lake/build/lib/lean /home/codespace/.elan/toolchains/leanprover--lean4---v4.31.0/bin/lean /workspaces/R1961D_LEAN_VER/R1956DLeanInterface/EstimateSlots.lean -o /workspaces/R1961D_LEAN_VER/.lake/build/lib/lean/R1956DLeanInterface/EstimateSlots.olean -i /workspaces/R1961D_LEAN_VER/.lake/build/lib/lean/R1956DLeanInterface/EstimateSlots.ilean -c /workspaces/R1961D_LEAN_VER/.lake/build/ir/R1956DLeanInterface/EstimateSlots.c --setup /workspaces/R1961D_LEAN_VER/.lake/build/ir/R1956DLeanInterface/EstimateSlots.setup.json --json",
   "level": "trace"}],
 "inputs":
 [["R1956DLeanInterface.EstimateSlots:deps",
   [["deps",
     [["R1961DLeanPacket/R1956DLeanInterface:extraDep",
       [["@R1961DLeanPacket:extraDep", "00000000000006bb"]]],
      ["imports",
       [["R1956DLeanInterface.AnalyticInterfaces transitive imports (legacy)",
         "48e49552035e50e6"],
        ["R1956DLeanInterface.AnalyticInterfaces:importAllArts",
         "d66094d0819a169e"]]]]],
    ["libs",
     [["import dynlibs", "00000000000006bb"],
      ["package external libraries", "00000000000006bb"],
      ["module dynlibs", "00000000000006bb"],
      ["module plugins", "00000000000006bb"]]]]],
  ["Lean 4.31.0, commit 68218e876d2a38b1985b8590fff244a83c321783",
   "fc45ac412f28501c"],
  ["/workspaces/R1961D_LEAN_VER/R1956DLeanInterface/EstimateSlots.lean",
   "009b6a69475730e4"],
  ["options", "00000000000006bb"],
  ["isModule: false", "feefd2a0d3a1847e"],
  ["Module.name: R1956DLeanInterface.EstimateSlots", "978a82e65aa4aceb"],
  ["Package.id?: (some R1961DLeanPacket)", "d6847cf02e8cc660"],
  ["Module.leanArgs: #[]", "00000000000006bb"]],
 "depHash": "861ad382f20be654"}