{"synthetic": false,
 "schemaVersion": "2025-09-10",
 "outputs":
 {"o": ["6a5333b1b33d9402.olean"],
  "m": false,
  "i": "eca64ba724d4ddae.ilean",
  "c": "777bf99697eca365.c"},
 "log":
 [{"message":
   ".> LEAN_PATH=/workspaces/R1961D_LEAN_VER/.lake/build/lib/lean /home/codespace/.elan/toolchains/leanprover--lean4---v4.31.0/bin/lean /workspaces/R1961D_LEAN_VER/R1956DLeanInterface/InterfaceObligations.lean -o /workspaces/R1961D_LEAN_VER/.lake/build/lib/lean/R1956DLeanInterface/InterfaceObligations.olean -i /workspaces/R1961D_LEAN_VER/.lake/build/lib/lean/R1956DLeanInterface/InterfaceObligations.ilean -c /workspaces/R1961D_LEAN_VER/.lake/build/ir/R1956DLeanInterface/InterfaceObligations.c --setup /workspaces/R1961D_LEAN_VER/.lake/build/ir/R1956DLeanInterface/InterfaceObligations.setup.json --json",
   "level": "trace"}],
 "inputs":
 [["R1956DLeanInterface.InterfaceObligations:deps",
   [["deps",
     [["R1961DLeanPacket/R1956DLeanInterface:extraDep",
       [["@R1961DLeanPacket:extraDep", "00000000000006bb"]]],
      ["imports",
       [["R1956DLeanInterface.MathlibAnchors transitive imports (legacy)",
         "aec003c4f37cf657"],
        ["R1956DLeanInterface.MathlibAnchors:importAllArts",
         "8caadb0108fa5d4d"],
        ["R1955DLeanScaffold.RefinedBridgeObligations transitive imports (legacy)",
         "2fb7940428b20a61"],
        ["R1955DLeanScaffold.RefinedBridgeObligations:importAllArts",
         "51af1d7f2158b0c6"]]]]],
    ["libs",
     [["import dynlibs", "00000000000006bb"],
      ["package external libraries", "00000000000006bb"],
      ["module dynlibs", "00000000000006bb"],
      ["module plugins", "00000000000006bb"]]]]],
  ["Lean 4.31.0, commit 68218e876d2a38b1985b8590fff244a83c321783",
   "fc45ac412f28501c"],
  ["/workspaces/R1961D_LEAN_VER/R1956DLeanInterface/InterfaceObligations.lean",
   "a143aa33384b8229"],
  ["options", "00000000000006bb"],
  ["isModule: false", "feefd2a0d3a1847e"],
  ["Module.name: R1956DLeanInterface.InterfaceObligations", "e5f964fd360473c4"],
  ["Package.id?: (some R1961DLeanPacket)", "d6847cf02e8cc660"],
  ["Module.leanArgs: #[]", "00000000000006bb"]],
 "depHash": "1dc9d424afb28519"}