{"synthetic": false,
 "schemaVersion": "2025-09-10",
 "outputs":
 {"o": ["046dfd0699a75fdb.olean"],
  "m": false,
  "i": "1d00f74d84d3f2f4.ilean",
  "c": "22ffe66eaa628fbb.c"},
 "log":
 [{"message":
   ".> LEAN_PATH=/workspaces/R1961D_LEAN_VER/.lake/build/lib/lean /home/codespace/.elan/toolchains/leanprover--lean4---v4.31.0/bin/lean /workspaces/R1961D_LEAN_VER/R1956DLeanInterface/InterfaceTheorems.lean -o /workspaces/R1961D_LEAN_VER/.lake/build/lib/lean/R1956DLeanInterface/InterfaceTheorems.olean -i /workspaces/R1961D_LEAN_VER/.lake/build/lib/lean/R1956DLeanInterface/InterfaceTheorems.ilean -c /workspaces/R1961D_LEAN_VER/.lake/build/ir/R1956DLeanInterface/InterfaceTheorems.c --setup /workspaces/R1961D_LEAN_VER/.lake/build/ir/R1956DLeanInterface/InterfaceTheorems.setup.json --json",
   "level": "trace"}],
 "inputs":
 [["R1956DLeanInterface.InterfaceTheorems:deps",
   [["deps",
     [["R1961DLeanPacket/R1956DLeanInterface:extraDep",
       [["@R1961DLeanPacket:extraDep", "00000000000006bb"]]],
      ["imports",
       [["R1956DLeanInterface.InterfaceAxioms transitive imports (legacy)",
         "0dfa85861ea127b6"],
        ["R1956DLeanInterface.InterfaceAxioms:importAllArts",
         "cb2e5b3a4788590b"],
        ["R1955DLeanScaffold.RefinedBridgeTheorems transitive imports (legacy)",
         "2ff9f73a904ccba3"],
        ["R1955DLeanScaffold.RefinedBridgeTheorems:importAllArts",
         "3085a26a3f6333df"]]]]],
    ["libs",
     [["import dynlibs", "00000000000006bb"],
      ["package external libraries", "00000000000006bb"],
      ["module dynlibs", "00000000000006bb"],
      ["module plugins", "00000000000006bb"]]]]],
  ["Lean 4.31.0, commit 68218e876d2a38b1985b8590fff244a83c321783",
   "fc45ac412f28501c"],
  ["/workspaces/R1961D_LEAN_VER/R1956DLeanInterface/InterfaceTheorems.lean",
   "bdf883f58408ac71"],
  ["options", "00000000000006bb"],
  ["isModule: false", "feefd2a0d3a1847e"],
  ["Module.name: R1956DLeanInterface.InterfaceTheorems", "9da31655d257de39"],
  ["Package.id?: (some R1961DLeanPacket)", "d6847cf02e8cc660"],
  ["Module.leanArgs: #[]", "00000000000006bb"]],
 "depHash": "4eac8febf8b30640"}