{"synthetic": false,
 "schemaVersion": "2025-09-10",
 "outputs":
 {"o": ["7335e6fc353834be.olean"],
  "m": false,
  "i": "74075ccf7c70c652.ilean",
  "c": "32eadf3448abaa13.c"},
 "log":
 [{"message":
   ".> LEAN_PATH=/workspaces/R1961D_LEAN_VER/.lake/build/lib/lean /home/codespace/.elan/toolchains/leanprover--lean4---v4.31.0/bin/lean /workspaces/R1961D_LEAN_VER/R1956DLeanInterface/InterfaceAxioms.lean -o /workspaces/R1961D_LEAN_VER/.lake/build/lib/lean/R1956DLeanInterface/InterfaceAxioms.olean -i /workspaces/R1961D_LEAN_VER/.lake/build/lib/lean/R1956DLeanInterface/InterfaceAxioms.ilean -c /workspaces/R1961D_LEAN_VER/.lake/build/ir/R1956DLeanInterface/InterfaceAxioms.c --setup /workspaces/R1961D_LEAN_VER/.lake/build/ir/R1956DLeanInterface/InterfaceAxioms.setup.json --json",
   "level": "trace"}],
 "inputs":
 [["R1956DLeanInterface.InterfaceAxioms:deps",
   [["deps",
     [["R1961DLeanPacket/R1956DLeanInterface:extraDep",
       [["@R1961DLeanPacket:extraDep", "00000000000006bb"]]],
      ["imports",
       [["R1956DLeanInterface.InterfaceObligations transitive imports (legacy)",
         "c0e51756e3520be1"],
        ["R1956DLeanInterface.InterfaceObligations:importAllArts",
         "2d3e72f167da8086"],
        ["R1955DLeanScaffold.RefinedBridgeAxioms transitive imports (legacy)",
         "c5eb699efef19e2a"],
        ["R1955DLeanScaffold.RefinedBridgeAxioms:importAllArts",
         "27e343a7e3c327d1"]]]]],
    ["libs",
     [["import dynlibs", "00000000000006bb"],
      ["package external libraries", "00000000000006bb"],
      ["module dynlibs", "00000000000006bb"],
      ["module plugins", "00000000000006bb"]]]]],
  ["Lean 4.31.0, commit 68218e876d2a38b1985b8590fff244a83c321783",
   "fc45ac412f28501c"],
  ["/workspaces/R1961D_LEAN_VER/R1956DLeanInterface/InterfaceAxioms.lean",
   "d5f66ce751e09f54"],
  ["options", "00000000000006bb"],
  ["isModule: false", "feefd2a0d3a1847e"],
  ["Module.name: R1956DLeanInterface.InterfaceAxioms", "b715fee0e3f42438"],
  ["Package.id?: (some R1961DLeanPacket)", "d6847cf02e8cc660"],
  ["Module.leanArgs: #[]", "00000000000006bb"]],
 "depHash": "c0cee5ede2bf1789"}