{"synthetic": false,
 "schemaVersion": "2025-09-10",
 "outputs":
 {"o": ["1ca1f82f1f4d931a.olean"],
  "m": false,
  "i": "df25ad4f5396a459.ilean",
  "c": "b366c0eadcff158f.c"},
 "log":
 [{"message":
   ".> LEAN_PATH=/workspaces/R1961D_LEAN_VER/.lake/build/lib/lean /home/codespace/.elan/toolchains/leanprover--lean4---v4.31.0/bin/lean /workspaces/R1961D_LEAN_VER/R1956DLeanInterface/MathlibAnchors.lean -o /workspaces/R1961D_LEAN_VER/.lake/build/lib/lean/R1956DLeanInterface/MathlibAnchors.olean -i /workspaces/R1961D_LEAN_VER/.lake/build/lib/lean/R1956DLeanInterface/MathlibAnchors.ilean -c /workspaces/R1961D_LEAN_VER/.lake/build/ir/R1956DLeanInterface/MathlibAnchors.c --setup /workspaces/R1961D_LEAN_VER/.lake/build/ir/R1956DLeanInterface/MathlibAnchors.setup.json --json",
   "level": "trace"}],
 "inputs":
 [["R1956DLeanInterface.MathlibAnchors:deps",
   [["deps",
     [["R1961DLeanPacket/R1956DLeanInterface:extraDep",
       [["@R1961DLeanPacket:extraDep", "00000000000006bb"]]],
      ["imports",
       [["R1956DLeanInterface.EstimateSlots transitive imports (legacy)",
         "e696c6755f742eff"],
        ["R1956DLeanInterface.EstimateSlots:importAllArts",
         "64b05a40a91e92dc"]]]]],
    ["libs",
     [["import dynlibs", "00000000000006bb"],
      ["package external libraries", "00000000000006bb"],
      ["module dynlibs", "00000000000006bb"],
      ["module plugins", "00000000000006bb"]]]]],
  ["Lean 4.31.0, commit 68218e876d2a38b1985b8590fff244a83c321783",
   "fc45ac412f28501c"],
  ["/workspaces/R1961D_LEAN_VER/R1956DLeanInterface/MathlibAnchors.lean",
   "6ed435dc28f44b2a"],
  ["options", "00000000000006bb"],
  ["isModule: false", "feefd2a0d3a1847e"],
  ["Module.name: R1956DLeanInterface.MathlibAnchors", "7bc872a8335a1b94"],
  ["Package.id?: (some R1961DLeanPacket)", "d6847cf02e8cc660"],
  ["Module.leanArgs: #[]", "00000000000006bb"]],
 "depHash": "6aed7564fe6a908e"}