{"synthetic": false,
 "schemaVersion": "2025-09-10",
 "outputs":
 {"o": ["8e73b70eba8e0310.olean"],
  "m": false,
  "i": "f9bbc4bd88b44903.ilean",
  "c": "5bd23faed3641c0c.c"},
 "log":
 [{"message":
   ".> LEAN_PATH=/workspaces/R1961D_LEAN_VER/.lake/build/lib/lean /home/codespace/.elan/toolchains/leanprover--lean4---v4.31.0/bin/lean /workspaces/R1961D_LEAN_VER/R1956DLeanInterface/ToyInterface.lean -o /workspaces/R1961D_LEAN_VER/.lake/build/lib/lean/R1956DLeanInterface/ToyInterface.olean -i /workspaces/R1961D_LEAN_VER/.lake/build/lib/lean/R1956DLeanInterface/ToyInterface.ilean -c /workspaces/R1961D_LEAN_VER/.lake/build/ir/R1956DLeanInterface/ToyInterface.c --setup /workspaces/R1961D_LEAN_VER/.lake/build/ir/R1956DLeanInterface/ToyInterface.setup.json --json",
   "level": "trace"}],
 "inputs":
 [["R1956DLeanInterface.ToyInterface:deps",
   [["deps",
     [["R1961DLeanPacket/R1956DLeanInterface:extraDep",
       [["@R1961DLeanPacket:extraDep", "00000000000006bb"]]],
      ["imports",
       [["R1956DLeanInterface.InterfaceTheorems transitive imports (legacy)",
         "ded561490acbe2e1"],
        ["R1956DLeanInterface.InterfaceTheorems:importAllArts",
         "80fc62f89291ae77"],
        ["R1955DLeanScaffold.ToyScaffold transitive imports (legacy)",
         "0b298bd5ca57b87c"],
        ["R1955DLeanScaffold.ToyScaffold:importAllArts",
         "46799c15ea272d5f"]]]]],
    ["libs",
     [["import dynlibs", "00000000000006bb"],
      ["package external libraries", "00000000000006bb"],
      ["module dynlibs", "00000000000006bb"],
      ["module plugins", "00000000000006bb"]]]]],
  ["Lean 4.31.0, commit 68218e876d2a38b1985b8590fff244a83c321783",
   "fc45ac412f28501c"],
  ["/workspaces/R1961D_LEAN_VER/R1956DLeanInterface/ToyInterface.lean",
   "d1a3f335213b27f5"],
  ["options", "00000000000006bb"],
  ["isModule: false", "feefd2a0d3a1847e"],
  ["Module.name: R1956DLeanInterface.ToyInterface", "1cdb9bc80ef35938"],
  ["Package.id?: (some R1961DLeanPacket)", "d6847cf02e8cc660"],
  ["Module.leanArgs: #[]", "00000000000006bb"]],
 "depHash": "f10342d69ee1d2fd"}