{"synthetic": false,
 "schemaVersion": "2025-09-10",
 "outputs":
 {"o": ["769aeb81bbaaaba0.olean"],
  "m": false,
  "i": "2d2a53f11975b60f.ilean",
  "c": "4e457e0a7cceb121.c"},
 "log":
 [{"message":
   ".> LEAN_PATH=/workspaces/R1961D_LEAN_VER/.lake/build/lib/lean /home/codespace/.elan/toolchains/leanprover--lean4---v4.31.0/bin/lean /workspaces/R1961D_LEAN_VER/R1956DLeanInterface/VersionInterface.lean -o /workspaces/R1961D_LEAN_VER/.lake/build/lib/lean/R1956DLeanInterface/VersionInterface.olean -i /workspaces/R1961D_LEAN_VER/.lake/build/lib/lean/R1956DLeanInterface/VersionInterface.ilean -c /workspaces/R1961D_LEAN_VER/.lake/build/ir/R1956DLeanInterface/VersionInterface.c --setup /workspaces/R1961D_LEAN_VER/.lake/build/ir/R1956DLeanInterface/VersionInterface.setup.json --json",
   "level": "trace"}],
 "inputs":
 [["R1956DLeanInterface.VersionInterface:deps",
   [["deps",
     [["R1961DLeanPacket/R1956DLeanInterface:extraDep",
       [["@R1961DLeanPacket:extraDep", "00000000000006bb"]]],
      ["imports",
       [["R1955DLeanScaffold transitive imports (legacy)", "ed4967d307810474"],
        ["R1955DLeanScaffold:importAllArts", "9ec02e918acd0866"]]]]],
    ["libs",
     [["import dynlibs", "00000000000006bb"],
      ["package external libraries", "00000000000006bb"],
      ["module dynlibs", "00000000000006bb"],
      ["module plugins", "00000000000006bb"]]]]],
  ["Lean 4.31.0, commit 68218e876d2a38b1985b8590fff244a83c321783",
   "fc45ac412f28501c"],
  ["/workspaces/R1961D_LEAN_VER/R1956DLeanInterface/VersionInterface.lean",
   "23ccf47ef49b7f63"],
  ["options", "00000000000006bb"],
  ["isModule: false", "feefd2a0d3a1847e"],
  ["Module.name: R1956DLeanInterface.VersionInterface", "cd8f73328575b000"],
  ["Package.id?: (some R1961DLeanPacket)", "d6847cf02e8cc660"],
  ["Module.leanArgs: #[]", "00000000000006bb"]],
 "depHash": "a739cb291ffadafe"}