{"synthetic": false,
 "schemaVersion": "2025-09-10",
 "outputs":
 {"o": ["e61ac5711c93e430.olean"],
  "m": false,
  "i": "4db63766d2e7ccd9.ilean",
  "c": "8c0ab4d501aca095.c"},
 "log":
 [{"message":
   ".> LEAN_PATH=/workspaces/R1961D_LEAN_VER/.lake/build/lib/lean /home/codespace/.elan/toolchains/leanprover--lean4---v4.31.0/bin/lean /workspaces/R1961D_LEAN_VER/R1959DLeanTransfer/FiniteToAbelTransfer.lean -o /workspaces/R1961D_LEAN_VER/.lake/build/lib/lean/R1959DLeanTransfer/FiniteToAbelTransfer.olean -i /workspaces/R1961D_LEAN_VER/.lake/build/lib/lean/R1959DLeanTransfer/FiniteToAbelTransfer.ilean -c /workspaces/R1961D_LEAN_VER/.lake/build/ir/R1959DLeanTransfer/FiniteToAbelTransfer.c --setup /workspaces/R1961D_LEAN_VER/.lake/build/ir/R1959DLeanTransfer/FiniteToAbelTransfer.setup.json --json",
   "level": "trace"}],
 "inputs":
 [["R1959DLeanTransfer.FiniteToAbelTransfer:deps",
   [["deps",
     [["R1961DLeanPacket/R1959DLeanTransfer:extraDep",
       [["@R1961DLeanPacket:extraDep", "00000000000006bb"]]],
      ["imports",
       [["R1959DLeanTransfer.SameScaleTransfer transitive imports (legacy)",
         "578bfb3d513264a1"],
        ["R1959DLeanTransfer.SameScaleTransfer:importAllArts",
         "32251e88960054eb"]]]]],
    ["libs",
     [["import dynlibs", "00000000000006bb"],
      ["package external libraries", "00000000000006bb"],
      ["module dynlibs", "00000000000006bb"],
      ["module plugins", "00000000000006bb"]]]]],
  ["Lean 4.31.0, commit 68218e876d2a38b1985b8590fff244a83c321783",
   "fc45ac412f28501c"],
  ["/workspaces/R1961D_LEAN_VER/R1959DLeanTransfer/FiniteToAbelTransfer.lean",
   "8e93f313cc1b8bce"],
  ["options", "00000000000006bb"],
  ["isModule: false", "feefd2a0d3a1847e"],
  ["Module.name: R1959DLeanTransfer.FiniteToAbelTransfer", "6bf7d1a5cfa30d84"],
  ["Package.id?: (some R1961DLeanPacket)", "d6847cf02e8cc660"],
  ["Module.leanArgs: #[]", "00000000000006bb"]],
 "depHash": "ce119d145cb69787"}