{"synthetic": false,
 "schemaVersion": "2025-09-10",
 "outputs":
 {"o": ["b806595839b1a494.olean"],
  "m": false,
  "i": "e75bab7bfe9c2dd0.ilean",
  "c": "652b8c731dd65bbe.c"},
 "log":
 [{"message":
   ".> LEAN_PATH=/workspaces/R1961D_LEAN_VER/.lake/build/lib/lean /home/codespace/.elan/toolchains/leanprover--lean4---v4.31.0/bin/lean /workspaces/R1961D_LEAN_VER/R1959DLeanTransfer/SameScaleTransfer.lean -o /workspaces/R1961D_LEAN_VER/.lake/build/lib/lean/R1959DLeanTransfer/SameScaleTransfer.olean -i /workspaces/R1961D_LEAN_VER/.lake/build/lib/lean/R1959DLeanTransfer/SameScaleTransfer.ilean -c /workspaces/R1961D_LEAN_VER/.lake/build/ir/R1959DLeanTransfer/SameScaleTransfer.c --setup /workspaces/R1961D_LEAN_VER/.lake/build/ir/R1959DLeanTransfer/SameScaleTransfer.setup.json --json",
   "level": "trace"}],
 "inputs":
 [["R1959DLeanTransfer.SameScaleTransfer:deps",
   [["deps",
     [["R1961DLeanPacket/R1959DLeanTransfer:extraDep",
       [["@R1961DLeanPacket:extraDep", "00000000000006bb"]]],
      ["imports",
       [["R1958DLeanAudit transitive imports (legacy)", "a1992189826a6dc7"],
        ["R1958DLeanAudit:importAllArts", "33f4409ef03f3e3e"]]]]],
    ["libs",
     [["import dynlibs", "00000000000006bb"],
      ["package external libraries", "00000000000006bb"],
      ["module dynlibs", "00000000000006bb"],
      ["module plugins", "00000000000006bb"]]]]],
  ["Lean 4.31.0, commit 68218e876d2a38b1985b8590fff244a83c321783",
   "fc45ac412f28501c"],
  ["/workspaces/R1961D_LEAN_VER/R1959DLeanTransfer/SameScaleTransfer.lean",
   "07f21bdde4b9f12d"],
  ["options", "00000000000006bb"],
  ["isModule: false", "feefd2a0d3a1847e"],
  ["Module.name: R1959DLeanTransfer.SameScaleTransfer", "dd5dcdfa5144b114"],
  ["Package.id?: (some R1961DLeanPacket)", "d6847cf02e8cc660"],
  ["Module.leanArgs: #[]", "00000000000006bb"]],
 "depHash": "6d8cfa9fb20897ce"}