{"synthetic": false,
 "schemaVersion": "2025-09-10",
 "outputs":
 {"o": ["01b3e0d3125023f6.olean"],
  "m": false,
  "i": "e2ed1df3df6e020f.ilean",
  "c": "18c06b7d686088ab.c"},
 "log":
 [{"message":
   ".> LEAN_PATH=/workspaces/R1961D_LEAN_VER/.lake/build/lib/lean /home/codespace/.elan/toolchains/leanprover--lean4---v4.31.0/bin/lean /workspaces/R1961D_LEAN_VER/R1959DLeanTransfer/ToyTransfer.lean -o /workspaces/R1961D_LEAN_VER/.lake/build/lib/lean/R1959DLeanTransfer/ToyTransfer.olean -i /workspaces/R1961D_LEAN_VER/.lake/build/lib/lean/R1959DLeanTransfer/ToyTransfer.ilean -c /workspaces/R1961D_LEAN_VER/.lake/build/ir/R1959DLeanTransfer/ToyTransfer.c --setup /workspaces/R1961D_LEAN_VER/.lake/build/ir/R1959DLeanTransfer/ToyTransfer.setup.json --json",
   "level": "trace"}],
 "inputs":
 [["R1959DLeanTransfer.ToyTransfer:deps",
   [["deps",
     [["R1961DLeanPacket/R1959DLeanTransfer:extraDep",
       [["@R1961DLeanPacket:extraDep", "00000000000006bb"]]],
      ["imports",
       [["R1959DLeanTransfer.TransferCertificates transitive imports (legacy)",
         "3594c0907940278e"],
        ["R1959DLeanTransfer.TransferCertificates:importAllArts",
         "6074a42ba499d7b5"]]]]],
    ["libs",
     [["import dynlibs", "00000000000006bb"],
      ["package external libraries", "00000000000006bb"],
      ["module dynlibs", "00000000000006bb"],
      ["module plugins", "00000000000006bb"]]]]],
  ["Lean 4.31.0, commit 68218e876d2a38b1985b8590fff244a83c321783",
   "fc45ac412f28501c"],
  ["/workspaces/R1961D_LEAN_VER/R1959DLeanTransfer/ToyTransfer.lean",
   "2ce0a559130f7efc"],
  ["options", "00000000000006bb"],
  ["isModule: false", "feefd2a0d3a1847e"],
  ["Module.name: R1959DLeanTransfer.ToyTransfer", "1f9e69c78f7bed67"],
  ["Package.id?: (some R1961DLeanPacket)", "d6847cf02e8cc660"],
  ["Module.leanArgs: #[]", "00000000000006bb"]],
 "depHash": "4b95cc1fc80d4b95"}