{"synthetic": false,
 "schemaVersion": "2025-09-10",
 "outputs":
 {"o": ["4df6baa7eb2013e4.olean"],
  "m": false,
  "i": "55b5326d28e91c7f.ilean",
  "c": "c731051e01282eaf.c"},
 "log":
 [{"message":
   ".> LEAN_PATH=/workspaces/R1961D_LEAN_VER/.lake/build/lib/lean /home/codespace/.elan/toolchains/leanprover--lean4---v4.31.0/bin/lean /workspaces/R1961D_LEAN_VER/R1959DLeanTransfer/TransferCertificates.lean -o /workspaces/R1961D_LEAN_VER/.lake/build/lib/lean/R1959DLeanTransfer/TransferCertificates.olean -i /workspaces/R1961D_LEAN_VER/.lake/build/lib/lean/R1959DLeanTransfer/TransferCertificates.ilean -c /workspaces/R1961D_LEAN_VER/.lake/build/ir/R1959DLeanTransfer/TransferCertificates.c --setup /workspaces/R1961D_LEAN_VER/.lake/build/ir/R1959DLeanTransfer/TransferCertificates.setup.json --json",
   "level": "trace"}],
 "inputs":
 [["R1959DLeanTransfer.TransferCertificates:deps",
   [["deps",
     [["R1961DLeanPacket/R1959DLeanTransfer:extraDep",
       [["@R1961DLeanPacket:extraDep", "00000000000006bb"]]],
      ["imports",
       [["R1959DLeanTransfer.FiniteToAbelTransfer transitive imports (legacy)",
         "d901e28facfbddb8"],
        ["R1959DLeanTransfer.FiniteToAbelTransfer:importAllArts",
         "3ef609b3a984322c"],
        ["R1958DLeanAudit transitive imports (legacy)", "a1992189826a6dc7"],
        ["R1958DLeanAudit:importAllArts", "33f4409ef03f3e3e"],
        ["R1956DLeanInterface transitive imports (legacy)", "802690a5f1b63ac5"],
        ["R1956DLeanInterface:importAllArts", "0534e19e2567980e"]]]]],
    ["libs",
     [["import dynlibs", "00000000000006bb"],
      ["package external libraries", "00000000000006bb"],
      ["module dynlibs", "00000000000006bb"],
      ["module plugins", "00000000000006bb"]]]]],
  ["Lean 4.31.0, commit 68218e876d2a38b1985b8590fff244a83c321783",
   "fc45ac412f28501c"],
  ["/workspaces/R1961D_LEAN_VER/R1959DLeanTransfer/TransferCertificates.lean",
   "3e490ff7f5a3252c"],
  ["options", "00000000000006bb"],
  ["isModule: false", "feefd2a0d3a1847e"],
  ["Module.name: R1959DLeanTransfer.TransferCertificates", "1c56fa2f2e2f20f2"],
  ["Package.id?: (some R1961DLeanPacket)", "d6847cf02e8cc660"],
  ["Module.leanArgs: #[]", "00000000000006bb"]],
 "depHash": "837943a616a89241"}