{"synthetic": false,
 "schemaVersion": "2025-09-10",
 "outputs":
 {"o": ["6fe20dfd872e0724.olean"],
  "m": false,
  "i": "1138956394ce631d.ilean",
  "c": "518c6ec9a03d7dc0.c"},
 "log":
 [{"message":
   ".> LEAN_PATH=/workspaces/R1961D_LEAN_VER/.lake/build/lib/lean /home/codespace/.elan/toolchains/leanprover--lean4---v4.31.0/bin/lean /workspaces/R1961D_LEAN_VER/R1959DLeanTransfer/VersionTransfer.lean -o /workspaces/R1961D_LEAN_VER/.lake/build/lib/lean/R1959DLeanTransfer/VersionTransfer.olean -i /workspaces/R1961D_LEAN_VER/.lake/build/lib/lean/R1959DLeanTransfer/VersionTransfer.ilean -c /workspaces/R1961D_LEAN_VER/.lake/build/ir/R1959DLeanTransfer/VersionTransfer.c --setup /workspaces/R1961D_LEAN_VER/.lake/build/ir/R1959DLeanTransfer/VersionTransfer.setup.json --json",
   "level": "trace"}],
 "inputs":
 [["R1959DLeanTransfer.VersionTransfer:deps",
   [["deps",
     [["R1961DLeanPacket/R1959DLeanTransfer:extraDep",
       [["@R1961DLeanPacket:extraDep", "00000000000006bb"]]],
      ["imports",
       [["R1959DLeanTransfer.TransferCertificates transitive imports (legacy)",
         "3594c0907940278e"],
        ["R1959DLeanTransfer.TransferCertificates:importAllArts",
         "6074a42ba499d7b5"]]]]],
    ["libs",
     [["import dynlibs", "00000000000006bb"],
      ["package external libraries", "00000000000006bb"],
      ["module dynlibs", "00000000000006bb"],
      ["module plugins", "00000000000006bb"]]]]],
  ["Lean 4.31.0, commit 68218e876d2a38b1985b8590fff244a83c321783",
   "fc45ac412f28501c"],
  ["/workspaces/R1961D_LEAN_VER/R1959DLeanTransfer/VersionTransfer.lean",
   "70b76080ca65a1c4"],
  ["options", "00000000000006bb"],
  ["isModule: false", "feefd2a0d3a1847e"],
  ["Module.name: R1959DLeanTransfer.VersionTransfer", "e7927b157b6974dd"],
  ["Package.id?: (some R1961DLeanPacket)", "d6847cf02e8cc660"],
  ["Module.leanArgs: #[]", "00000000000006bb"]],
 "depHash": "07ae11c9edc6dc21"}