{"synthetic": false,
 "schemaVersion": "2025-09-10",
 "outputs":
 {"o": ["af9c094188fec6a0.olean"],
  "m": false,
  "i": "78cd4204eee5febc.ilean",
  "c": "7a01684d03eeb1bf.c"},
 "log":
 [{"message":
   ".> LEAN_PATH=/workspaces/R1961D_LEAN_VER/.lake/build/lib/lean /home/codespace/.elan/toolchains/leanprover--lean4---v4.31.0/bin/lean /workspaces/R1961D_LEAN_VER/R1949DLean/AbelBookkeeping.lean -o /workspaces/R1961D_LEAN_VER/.lake/build/lib/lean/R1949DLean/AbelBookkeeping.olean -i /workspaces/R1961D_LEAN_VER/.lake/build/lib/lean/R1949DLean/AbelBookkeeping.ilean -c /workspaces/R1961D_LEAN_VER/.lake/build/ir/R1949DLean/AbelBookkeeping.c --setup /workspaces/R1961D_LEAN_VER/.lake/build/ir/R1949DLean/AbelBookkeeping.setup.json --json",
   "level": "trace"}],
 "inputs":
 [["R1949DLean.AbelBookkeeping:deps",
   [["deps",
     [["R1961DLeanPacket/R1949DLean:extraDep",
       [["@R1961DLeanPacket:extraDep", "00000000000006bb"]]],
      ["imports",
       [["R1949DLean.Basic transitive imports (legacy)", "00000000000006bb"],
        ["R1949DLean.Basic:importAllArts", "85cb4f56c3130e10"]]]]],
    ["libs",
     [["import dynlibs", "00000000000006bb"],
      ["package external libraries", "00000000000006bb"],
      ["module dynlibs", "00000000000006bb"],
      ["module plugins", "00000000000006bb"]]]]],
  ["Lean 4.31.0, commit 68218e876d2a38b1985b8590fff244a83c321783",
   "fc45ac412f28501c"],
  ["/workspaces/R1961D_LEAN_VER/R1949DLean/AbelBookkeeping.lean",
   "8bb909592ae17043"],
  ["options", "00000000000006bb"],
  ["isModule: false", "feefd2a0d3a1847e"],
  ["Module.name: R1949DLean.AbelBookkeeping", "bdc5f1c083141a08"],
  ["Package.id?: (some R1961DLeanPacket)", "d6847cf02e8cc660"],
  ["Module.leanArgs: #[]", "00000000000006bb"]],
 "depHash": "67689bde6c353ccb"}