{"synthetic": false,
 "schemaVersion": "2025-09-10",
 "outputs":
 {"o": ["8162f0e8a954ebf8.olean"],
  "m": false,
  "i": "482ccf4fb0491fd2.ilean",
  "c": "6ec613c63ac2240d.c"},
 "log":
 [{"message":
   ".> LEAN_PATH=/workspaces/R1961D_LEAN_VER/.lake/build/lib/lean /home/codespace/.elan/toolchains/leanprover--lean4---v4.31.0/bin/lean /workspaces/R1961D_LEAN_VER/R1949DLean/AssumptionPackages.lean -o /workspaces/R1961D_LEAN_VER/.lake/build/lib/lean/R1949DLean/AssumptionPackages.olean -i /workspaces/R1961D_LEAN_VER/.lake/build/lib/lean/R1949DLean/AssumptionPackages.ilean -c /workspaces/R1961D_LEAN_VER/.lake/build/ir/R1949DLean/AssumptionPackages.c --setup /workspaces/R1961D_LEAN_VER/.lake/build/ir/R1949DLean/AssumptionPackages.setup.json --json",
   "level": "trace"}],
 "inputs":
 [["R1949DLean.AssumptionPackages:deps",
   [["deps",
     [["R1961DLeanPacket/R1949DLean:extraDep",
       [["@R1961DLeanPacket:extraDep", "00000000000006bb"]]],
      ["imports",
       [["R1949DLean.Basic transitive imports (legacy)", "00000000000006bb"],
        ["R1949DLean.Basic:importAllArts", "85cb4f56c3130e10"],
        ["R1949DLean.AbelBookkeeping transitive imports (legacy)",
         "80b68dbe58aaaaf8"],
        ["R1949DLean.AbelBookkeeping:importAllArts", "84566cfda4b62665"],
        ["R1949DLean.StructuralLayers transitive imports (legacy)",
         "80b68dbe58aaaaf8"],
        ["R1949DLean.StructuralLayers:importAllArts", "f17aa9144b04c211"],
        ["R1949DLean.TerminalClasses transitive imports (legacy)",
         "80b68dbe58aaaaf8"],
        ["R1949DLean.TerminalClasses:importAllArts", "ab67c5c1c2e07ea2"]]]]],
    ["libs",
     [["import dynlibs", "00000000000006bb"],
      ["package external libraries", "00000000000006bb"],
      ["module dynlibs", "00000000000006bb"],
      ["module plugins", "00000000000006bb"]]]]],
  ["Lean 4.31.0, commit 68218e876d2a38b1985b8590fff244a83c321783",
   "fc45ac412f28501c"],
  ["/workspaces/R1961D_LEAN_VER/R1949DLean/AssumptionPackages.lean",
   "3e8c27853a1ca8c4"],
  ["options", "00000000000006bb"],
  ["isModule: false", "feefd2a0d3a1847e"],
  ["Module.name: R1949DLean.AssumptionPackages", "ae5e76aec051a98e"],
  ["Package.id?: (some R1961DLeanPacket)", "d6847cf02e8cc660"],
  ["Module.leanArgs: #[]", "00000000000006bb"]],
 "depHash": "d505af54f25a8adb"}