{"synthetic": false,
 "schemaVersion": "2025-09-10",
 "outputs":
 {"o": ["8e65f72a86a177a3.olean"],
  "m": false,
  "i": "140c1624ba6a6ecd.ilean",
  "c": "40e17e5d39e5e769.c"},
 "log":
 [{"message":
   ".> LEAN_PATH=/workspaces/R1961D_LEAN_VER/.lake/build/lib/lean /home/codespace/.elan/toolchains/leanprover--lean4---v4.31.0/bin/lean /workspaces/R1961D_LEAN_VER/R1949DLean/Basic.lean -o /workspaces/R1961D_LEAN_VER/.lake/build/lib/lean/R1949DLean/Basic.olean -i /workspaces/R1961D_LEAN_VER/.lake/build/lib/lean/R1949DLean/Basic.ilean -c /workspaces/R1961D_LEAN_VER/.lake/build/ir/R1949DLean/Basic.c --setup /workspaces/R1961D_LEAN_VER/.lake/build/ir/R1949DLean/Basic.setup.json --json",
   "level": "trace"}],
 "inputs":
 [["R1949DLean.Basic:deps",
   [["deps",
     [["R1961DLeanPacket/R1949DLean:extraDep",
       [["@R1961DLeanPacket:extraDep", "00000000000006bb"]]],
      ["imports", "00000000000006bb"]]],
    ["libs",
     [["import dynlibs", "00000000000006bb"],
      ["package external libraries", "00000000000006bb"],
      ["module dynlibs", "00000000000006bb"],
      ["module plugins", "00000000000006bb"]]]]],
  ["Lean 4.31.0, commit 68218e876d2a38b1985b8590fff244a83c321783",
   "fc45ac412f28501c"],
  ["/workspaces/R1961D_LEAN_VER/R1949DLean/Basic.lean", "917f98bd4e28145b"],
  ["options", "00000000000006bb"],
  ["isModule: false", "feefd2a0d3a1847e"],
  ["Module.name: R1949DLean.Basic", "2c757b3a188173b4"],
  ["Package.id?: (some R1961DLeanPacket)", "d6847cf02e8cc660"],
  ["Module.leanArgs: #[]", "00000000000006bb"]],
 "depHash": "e5400b37820eae82"}