{"synthetic": false,
 "schemaVersion": "2025-09-10",
 "outputs":
 {"o": ["6ad8c6d3332ccc50.olean"],
  "m": false,
  "i": "eac654e2767141a4.ilean",
  "c": "9377ac2187963c4d.c"},
 "log":
 [{"message":
   ".> LEAN_PATH=/workspaces/R1961D_LEAN_VER/.lake/build/lib/lean /home/codespace/.elan/toolchains/leanprover--lean4---v4.31.0/bin/lean /workspaces/R1961D_LEAN_VER/R1949DLean/DependencyCertificates.lean -o /workspaces/R1961D_LEAN_VER/.lake/build/lib/lean/R1949DLean/DependencyCertificates.olean -i /workspaces/R1961D_LEAN_VER/.lake/build/lib/lean/R1949DLean/DependencyCertificates.ilean -c /workspaces/R1961D_LEAN_VER/.lake/build/ir/R1949DLean/DependencyCertificates.c --setup /workspaces/R1961D_LEAN_VER/.lake/build/ir/R1949DLean/DependencyCertificates.setup.json --json",
   "level": "trace"}],
 "inputs":
 [["R1949DLean.DependencyCertificates:deps",
   [["deps",
     [["R1961DLeanPacket/R1949DLean:extraDep",
       [["@R1961DLeanPacket:extraDep", "00000000000006bb"]]],
      ["imports",
       [["R1949DLean.AssumptionPackages transitive imports (legacy)",
         "8a9686071dffc41e"],
        ["R1949DLean.AssumptionPackages:importAllArts", "cd7608f9d73e471d"]]]]],
    ["libs",
     [["import dynlibs", "00000000000006bb"],
      ["package external libraries", "00000000000006bb"],
      ["module dynlibs", "00000000000006bb"],
      ["module plugins", "00000000000006bb"]]]]],
  ["Lean 4.31.0, commit 68218e876d2a38b1985b8590fff244a83c321783",
   "fc45ac412f28501c"],
  ["/workspaces/R1961D_LEAN_VER/R1949DLean/DependencyCertificates.lean",
   "8cec4a4cdb925760"],
  ["options", "00000000000006bb"],
  ["isModule: false", "feefd2a0d3a1847e"],
  ["Module.name: R1949DLean.DependencyCertificates", "4f81a87542db0f80"],
  ["Package.id?: (some R1961DLeanPacket)", "d6847cf02e8cc660"],
  ["Module.leanArgs: #[]", "00000000000006bb"]],
 "depHash": "e8ee82f11584bbbf"}