{"synthetic": false,
 "schemaVersion": "2025-09-10",
 "outputs":
 {"o": ["cc3f54553e4e98eb.olean"],
  "m": false,
  "i": "74ccd93f3df42388.ilean",
  "c": "b7de0e05af5f9440.c"},
 "log":
 [{"message":
   ".> LEAN_PATH=/workspaces/R1961D_LEAN_VER/.lake/build/lib/lean /home/codespace/.elan/toolchains/leanprover--lean4---v4.31.0/bin/lean /workspaces/R1961D_LEAN_VER/R1949DLean/FiniteToAbelChain.lean -o /workspaces/R1961D_LEAN_VER/.lake/build/lib/lean/R1949DLean/FiniteToAbelChain.olean -i /workspaces/R1961D_LEAN_VER/.lake/build/lib/lean/R1949DLean/FiniteToAbelChain.ilean -c /workspaces/R1961D_LEAN_VER/.lake/build/ir/R1949DLean/FiniteToAbelChain.c --setup /workspaces/R1961D_LEAN_VER/.lake/build/ir/R1949DLean/FiniteToAbelChain.setup.json --json",
   "level": "trace"}],
 "inputs":
 [["R1949DLean.FiniteToAbelChain:deps",
   [["deps",
     [["R1961DLeanPacket/R1949DLean:extraDep",
       [["@R1961DLeanPacket:extraDep", "00000000000006bb"]]],
      ["imports",
       [["R1949DLean.AssumptionPackages transitive imports (legacy)",
         "8a9686071dffc41e"],
        ["R1949DLean.AssumptionPackages:importAllArts", "cd7608f9d73e471d"]]]]],
    ["libs",
     [["import dynlibs", "00000000000006bb"],
      ["package external libraries", "00000000000006bb"],
      ["module dynlibs", "00000000000006bb"],
      ["module plugins", "00000000000006bb"]]]]],
  ["Lean 4.31.0, commit 68218e876d2a38b1985b8590fff244a83c321783",
   "fc45ac412f28501c"],
  ["/workspaces/R1961D_LEAN_VER/R1949DLean/FiniteToAbelChain.lean",
   "87b53a36074210de"],
  ["options", "00000000000006bb"],
  ["isModule: false", "feefd2a0d3a1847e"],
  ["Module.name: R1949DLean.FiniteToAbelChain", "afb528e589c79a23"],
  ["Package.id?: (some R1961DLeanPacket)", "d6847cf02e8cc660"],
  ["Module.leanArgs: #[]", "00000000000006bb"]],
 "depHash": "e7c3203efa05761c"}