{"synthetic": false,
 "schemaVersion": "2025-09-10",
 "outputs":
 {"o": ["018a6d82c7446525.olean"],
  "m": false,
  "i": "d57f9d4f116d7c53.ilean",
  "c": "b7555da47f339261.c"},
 "log":
 [{"message":
   ".> LEAN_PATH=/workspaces/R1961D_LEAN_VER/.lake/build/lib/lean /home/codespace/.elan/toolchains/leanprover--lean4---v4.31.0/bin/lean /workspaces/R1961D_LEAN_VER/R1949DLean/MainLogicalChain.lean -o /workspaces/R1961D_LEAN_VER/.lake/build/lib/lean/R1949DLean/MainLogicalChain.olean -i /workspaces/R1961D_LEAN_VER/.lake/build/lib/lean/R1949DLean/MainLogicalChain.ilean -c /workspaces/R1961D_LEAN_VER/.lake/build/ir/R1949DLean/MainLogicalChain.c --setup /workspaces/R1961D_LEAN_VER/.lake/build/ir/R1949DLean/MainLogicalChain.setup.json --json",
   "level": "trace"}],
 "inputs":
 [["R1949DLean.MainLogicalChain:deps",
   [["deps",
     [["R1961DLeanPacket/R1949DLean:extraDep",
       [["@R1961DLeanPacket:extraDep", "00000000000006bb"]]],
      ["imports",
       [["R1949DLean.FiniteToAbelChain transitive imports (legacy)",
         "d6bea8773cdca6b0"],
        ["R1949DLean.FiniteToAbelChain:importAllArts", "31808be38fba152c"],
        ["R1949DLean.StructuralSupportChain transitive imports (legacy)",
         "d6bea8773cdca6b0"],
        ["R1949DLean.StructuralSupportChain:importAllArts", "8099b43b505a3722"],
        ["R1949DLean.TerminalRigidityChain transitive imports (legacy)",
         "d6bea8773cdca6b0"],
        ["R1949DLean.TerminalRigidityChain:importAllArts", "f34a21f98c63d085"],
        ["R1949DLean.DependencyCertificates transitive imports (legacy)",
         "d6bea8773cdca6b0"],
        ["R1949DLean.DependencyCertificates:importAllArts",
         "c9e445c4f4d82e6c"]]]]],
    ["libs",
     [["import dynlibs", "00000000000006bb"],
      ["package external libraries", "00000000000006bb"],
      ["module dynlibs", "00000000000006bb"],
      ["module plugins", "00000000000006bb"]]]]],
  ["Lean 4.31.0, commit 68218e876d2a38b1985b8590fff244a83c321783",
   "fc45ac412f28501c"],
  ["/workspaces/R1961D_LEAN_VER/R1949DLean/MainLogicalChain.lean",
   "15f2a8d6a8504230"],
  ["options", "00000000000006bb"],
  ["isModule: false", "feefd2a0d3a1847e"],
  ["Module.name: R1949DLean.MainLogicalChain", "bf19c300fb9176cb"],
  ["Package.id?: (some R1961DLeanPacket)", "d6847cf02e8cc660"],
  ["Module.leanArgs: #[]", "00000000000006bb"]],
 "depHash": "98791be156225323"}