{"synthetic": false,
 "schemaVersion": "2025-09-10",
 "outputs":
 {"o": ["2efe11ce05dfbd29.olean"],
  "m": false,
  "i": "ec6b2c55abaa1f5b.ilean",
  "c": "1c3b91db6564a8d1.c"},
 "log":
 [{"message":
   ".> LEAN_PATH=/workspaces/R1961D_LEAN_VER/.lake/build/lib/lean /home/codespace/.elan/toolchains/leanprover--lean4---v4.31.0/bin/lean /workspaces/R1961D_LEAN_VER/R1949DLean/ProofObligationMap.lean -o /workspaces/R1961D_LEAN_VER/.lake/build/lib/lean/R1949DLean/ProofObligationMap.olean -i /workspaces/R1961D_LEAN_VER/.lake/build/lib/lean/R1949DLean/ProofObligationMap.ilean -c /workspaces/R1961D_LEAN_VER/.lake/build/ir/R1949DLean/ProofObligationMap.c --setup /workspaces/R1961D_LEAN_VER/.lake/build/ir/R1949DLean/ProofObligationMap.setup.json --json",
   "level": "trace"}],
 "inputs":
 [["R1949DLean.ProofObligationMap:deps",
   [["deps",
     [["R1961DLeanPacket/R1949DLean:extraDep",
       [["@R1961DLeanPacket:extraDep", "00000000000006bb"]]],
      ["imports",
       [["R1949DLean.DependencyCertificates transitive imports (legacy)",
         "d6bea8773cdca6b0"],
        ["R1949DLean.DependencyCertificates:importAllArts", "c9e445c4f4d82e6c"],
        ["R1949DLean.MainLogicalChain transitive imports (legacy)",
         "b26688109a12237e"],
        ["R1949DLean.MainLogicalChain:importAllArts", "c937408c03aba116"]]]]],
    ["libs",
     [["import dynlibs", "00000000000006bb"],
      ["package external libraries", "00000000000006bb"],
      ["module dynlibs", "00000000000006bb"],
      ["module plugins", "00000000000006bb"]]]]],
  ["Lean 4.31.0, commit 68218e876d2a38b1985b8590fff244a83c321783",
   "fc45ac412f28501c"],
  ["/workspaces/R1961D_LEAN_VER/R1949DLean/ProofObligationMap.lean",
   "50587558adb47e28"],
  ["options", "00000000000006bb"],
  ["isModule: false", "feefd2a0d3a1847e"],
  ["Module.name: R1949DLean.ProofObligationMap", "155c9e32ac7d6efc"],
  ["Package.id?: (some R1961DLeanPacket)", "d6847cf02e8cc660"],
  ["Module.leanArgs: #[]", "00000000000006bb"]],
 "depHash": "d670209d0bc90f92"}