{"synthetic": false,
 "schemaVersion": "2025-09-10",
 "outputs":
 {"o": ["e842ee62e22c99e9.olean"],
  "m": false,
  "i": "6d4370786162c0cb.ilean",
  "c": "f976be5bcd16b343.c"},
 "log":
 [{"message":
   ".> LEAN_PATH=/workspaces/R1961D_LEAN_VER/.lake/build/lib/lean /home/codespace/.elan/toolchains/leanprover--lean4---v4.31.0/bin/lean /workspaces/R1961D_LEAN_VER/R1949DLean/StructuralSupportChain.lean -o /workspaces/R1961D_LEAN_VER/.lake/build/lib/lean/R1949DLean/StructuralSupportChain.olean -i /workspaces/R1961D_LEAN_VER/.lake/build/lib/lean/R1949DLean/StructuralSupportChain.ilean -c /workspaces/R1961D_LEAN_VER/.lake/build/ir/R1949DLean/StructuralSupportChain.c --setup /workspaces/R1961D_LEAN_VER/.lake/build/ir/R1949DLean/StructuralSupportChain.setup.json --json",
   "level": "trace"}],
 "inputs":
 [["R1949DLean.StructuralSupportChain:deps",
   [["deps",
     [["R1961DLeanPacket/R1949DLean:extraDep",
       [["@R1961DLeanPacket:extraDep", "00000000000006bb"]]],
      ["imports",
       [["R1949DLean.AssumptionPackages transitive imports (legacy)",
         "8a9686071dffc41e"],
        ["R1949DLean.AssumptionPackages:importAllArts", "cd7608f9d73e471d"]]]]],
    ["libs",
     [["import dynlibs", "00000000000006bb"],
      ["package external libraries", "00000000000006bb"],
      ["module dynlibs", "00000000000006bb"],
      ["module plugins", "00000000000006bb"]]]]],
  ["Lean 4.31.0, commit 68218e876d2a38b1985b8590fff244a83c321783",
   "fc45ac412f28501c"],
  ["/workspaces/R1961D_LEAN_VER/R1949DLean/StructuralSupportChain.lean",
   "bd7bc8f6f2e16efb"],
  ["options", "00000000000006bb"],
  ["isModule: false", "feefd2a0d3a1847e"],
  ["Module.name: R1949DLean.StructuralSupportChain", "29e7bf68cda19b71"],
  ["Package.id?: (some R1961DLeanPacket)", "d6847cf02e8cc660"],
  ["Module.leanArgs: #[]", "00000000000006bb"]],
 "depHash": "52b55d522f46eb9b"}