{"synthetic": false,
 "schemaVersion": "2025-09-10",
 "outputs":
 {"o": ["d227adebe3d40112.olean"],
  "m": false,
  "i": "c859c15932a510d3.ilean",
  "c": "f0e6d0a1307e2747.c"},
 "log":
 [{"message":
   ".> LEAN_PATH=/workspaces/R1961D_LEAN_VER/.lake/build/lib/lean /home/codespace/.elan/toolchains/leanprover--lean4---v4.31.0/bin/lean /workspaces/R1961D_LEAN_VER/R1949DLean/StructuralLayers.lean -o /workspaces/R1961D_LEAN_VER/.lake/build/lib/lean/R1949DLean/StructuralLayers.olean -i /workspaces/R1961D_LEAN_VER/.lake/build/lib/lean/R1949DLean/StructuralLayers.ilean -c /workspaces/R1961D_LEAN_VER/.lake/build/ir/R1949DLean/StructuralLayers.c --setup /workspaces/R1961D_LEAN_VER/.lake/build/ir/R1949DLean/StructuralLayers.setup.json --json",
   "level": "trace"}],
 "inputs":
 [["R1949DLean.StructuralLayers:deps",
   [["deps",
     [["R1961DLeanPacket/R1949DLean:extraDep",
       [["@R1961DLeanPacket:extraDep", "00000000000006bb"]]],
      ["imports",
       [["R1949DLean.Basic transitive imports (legacy)", "00000000000006bb"],
        ["R1949DLean.Basic:importAllArts", "85cb4f56c3130e10"]]]]],
    ["libs",
     [["import dynlibs", "00000000000006bb"],
      ["package external libraries", "00000000000006bb"],
      ["module dynlibs", "00000000000006bb"],
      ["module plugins", "00000000000006bb"]]]]],
  ["Lean 4.31.0, commit 68218e876d2a38b1985b8590fff244a83c321783",
   "fc45ac412f28501c"],
  ["/workspaces/R1961D_LEAN_VER/R1949DLean/StructuralLayers.lean",
   "d1b59a61eaf69dcd"],
  ["options", "00000000000006bb"],
  ["isModule: false", "feefd2a0d3a1847e"],
  ["Module.name: R1949DLean.StructuralLayers", "0e7d482362f7e9cf"],
  ["Package.id?: (some R1961DLeanPacket)", "d6847cf02e8cc660"],
  ["Module.leanArgs: #[]", "00000000000006bb"]],
 "depHash": "85381ab8386e6140"}