{"synthetic": false,
 "schemaVersion": "2025-09-10",
 "outputs":
 {"o": ["4cdc0c1de6fa3a3e.olean"],
  "m": false,
  "i": "050446185fe3db04.ilean",
  "c": "59809e1ebb2b37e3.c"},
 "log":
 [{"message":
   ".> LEAN_PATH=/workspaces/R1961D_LEAN_VER/.lake/build/lib/lean /home/codespace/.elan/toolchains/leanprover--lean4---v4.31.0/bin/lean /workspaces/R1961D_LEAN_VER/R1949DLean/TerminalRigidityChain.lean -o /workspaces/R1961D_LEAN_VER/.lake/build/lib/lean/R1949DLean/TerminalRigidityChain.olean -i /workspaces/R1961D_LEAN_VER/.lake/build/lib/lean/R1949DLean/TerminalRigidityChain.ilean -c /workspaces/R1961D_LEAN_VER/.lake/build/ir/R1949DLean/TerminalRigidityChain.c --setup /workspaces/R1961D_LEAN_VER/.lake/build/ir/R1949DLean/TerminalRigidityChain.setup.json --json",
   "level": "trace"}],
 "inputs":
 [["R1949DLean.TerminalRigidityChain:deps",
   [["deps",
     [["R1961DLeanPacket/R1949DLean:extraDep",
       [["@R1961DLeanPacket:extraDep", "00000000000006bb"]]],
      ["imports",
       [["R1949DLean.AssumptionPackages transitive imports (legacy)",
         "8a9686071dffc41e"],
        ["R1949DLean.AssumptionPackages:importAllArts", "cd7608f9d73e471d"]]]]],
    ["libs",
     [["import dynlibs", "00000000000006bb"],
      ["package external libraries", "00000000000006bb"],
      ["module dynlibs", "00000000000006bb"],
      ["module plugins", "00000000000006bb"]]]]],
  ["Lean 4.31.0, commit 68218e876d2a38b1985b8590fff244a83c321783",
   "fc45ac412f28501c"],
  ["/workspaces/R1961D_LEAN_VER/R1949DLean/TerminalRigidityChain.lean",
   "388c24459a90668e"],
  ["options", "00000000000006bb"],
  ["isModule: false", "feefd2a0d3a1847e"],
  ["Module.name: R1949DLean.TerminalRigidityChain", "8e7adaf88b8253a6"],
  ["Package.id?: (some R1961DLeanPacket)", "d6847cf02e8cc660"],
  ["Module.leanArgs: #[]", "00000000000006bb"]],
 "depHash": "41515180c76c261b"}