{"synthetic": false,
 "schemaVersion": "2025-09-10",
 "outputs":
 {"o": ["d8f7191ccdd9b9e9.olean"],
  "m": false,
  "i": "f283dfb14dbace5a.ilean",
  "c": "c43bdb6949eeace4.c"},
 "log":
 [{"message":
   ".> LEAN_PATH=/workspaces/R1961D_LEAN_VER/.lake/build/lib/lean /home/codespace/.elan/toolchains/leanprover--lean4---v4.31.0/bin/lean /workspaces/R1961D_LEAN_VER/R1949DLean/ToyModel.lean -o /workspaces/R1961D_LEAN_VER/.lake/build/lib/lean/R1949DLean/ToyModel.olean -i /workspaces/R1961D_LEAN_VER/.lake/build/lib/lean/R1949DLean/ToyModel.ilean -c /workspaces/R1961D_LEAN_VER/.lake/build/ir/R1949DLean/ToyModel.c --setup /workspaces/R1961D_LEAN_VER/.lake/build/ir/R1949DLean/ToyModel.setup.json --json",
   "level": "trace"}],
 "inputs":
 [["R1949DLean.ToyModel:deps",
   [["deps",
     [["R1961DLeanPacket/R1949DLean:extraDep",
       [["@R1961DLeanPacket:extraDep", "00000000000006bb"]]],
      ["imports",
       [["R1949DLean.ProofObligationMap transitive imports (legacy)",
         "831498a52d6f7119"],
        ["R1949DLean.ProofObligationMap:importAllArts", "0a6de161c6a0acb0"]]]]],
    ["libs",
     [["import dynlibs", "00000000000006bb"],
      ["package external libraries", "00000000000006bb"],
      ["module dynlibs", "00000000000006bb"],
      ["module plugins", "00000000000006bb"]]]]],
  ["Lean 4.31.0, commit 68218e876d2a38b1985b8590fff244a83c321783",
   "fc45ac412f28501c"],
  ["/workspaces/R1961D_LEAN_VER/R1949DLean/ToyModel.lean", "82ef4712f7c327fb"],
  ["options", "00000000000006bb"],
  ["isModule: false", "feefd2a0d3a1847e"],
  ["Module.name: R1949DLean.ToyModel", "e5166af0b39ee5e5"],
  ["Package.id?: (some R1961DLeanPacket)", "d6847cf02e8cc660"],
  ["Module.leanArgs: #[]", "00000000000006bb"]],
 "depHash": "a74b182818f554f7"}